12:14:33.917 INFO  tests.TestBase - Starts test --->public void tests.LoginTests.loginSuccess()
12:14:33.938 INFO  tests.TestBase - Starts test --->public void tests.LoginTests.loginSuccess(java.lang.String,java.lang.String)
12:14:33.945 INFO  tests.TestBase - Starts test --->public void tests.LoginTests.loginSuccess(java.lang.String,java.lang.String)
12:14:33.947 INFO  tests.TestBase - Starts test --->public void tests.LoginTests.loginSuccess(java.lang.String,java.lang.String)
12:14:33.951 INFO  tests.TestBase - Starts test --->public void tests.LoginTests.loginSuccess(java.lang.String,java.lang.String)
12:14:33.958 INFO  tests.TestBase - Starts test --->public void tests.LoginTests.loginSuccess(models.User)
12:14:33.961 INFO  tests.TestBase - Starts test --->public void tests.LoginTests.loginSuccess(models.User)
12:14:33.966 INFO  tests.TestBase - Starts test --->public void tests.LoginTests.loginSuccess(models.User)
12:14:33.970 INFO  tests.TestBase - Starts test --->public void tests.LoginTests.loginSuccess(models.User)
12:14:33.975 INFO  tests.TestBase - Starts test --->public void tests.LoginTests.loginSuccessModel()
12:14:33.980 INFO  tests.TestBase - Starts test --->public void tests.LoginTests.loginSuccessModel(models.User)
12:14:33.983 INFO  tests.TestBase - Starts test --->public void tests.LoginTests.loginSuccessModel(models.User)
12:14:33.996 INFO  tests.TestBase - Starts test --->public void tests.LoginTests.loginSuccessModel(models.User)
12:14:33.998 INFO  tests.TestBase - Starts test --->public void tests.LoginTests.loginSuccessModel(models.User)
12:14:34.001 INFO  tests.TestBase - Starts test --->public void tests.LoginTests.loginSuccessNew()
12:14:34.011 INFO  tests.TestBase - Starts test --->public void tests.RegistrationTests.regSuccess()
12:14:34.019 INFO  tests.TestBase - Starts test --->public void tests.RegistrationTests.regSuccessModel()
12:14:34.022 INFO  tests.TestBase - Starts test --->public void tests.RegistrationTests.regWrongPasswordModel()
12:14:34.027 INFO  tests.TestBase - Starts test --->public void tests.SearchTests.searchAnyPeriod()
12:14:34.029 INFO  tests.TestBase - Starts test --->public void tests.AddNewCarTests.addNewCarSuccess()
