10:59:55.563 INFO  manager.ApplicationManager - All tests start in ChromeDriver
10:59:59.706 INFO  tests.TestBase - Starts test --->public void tests.LoginTests.loginSuccess()
10:59:59.713 INFO  manager.MyListener - Start find element ---> By.xpath: //a[text() =' Logout ']
11:00:09.808 INFO  manager.MyListener - The element with locator ---> By.xpath: //a[text() =' Logout ']was found
11:00:09.813 INFO  tests.TestBase - The test starts with data [arielle@mail.ru] & [Arielle1234$]
11:00:09.814 INFO  manager.MyListener - Start find element ---> By.cssSelector: [href='/login?url=%2Fsearch']
11:00:09.866 INFO  manager.MyListener - The element with locator ---> By.cssSelector: [href='/login?url=%2Fsearch']was found
11:00:09.989 INFO  manager.MyListener - Start find element ---> By.cssSelector: #email
11:00:10.028 INFO  manager.MyListener - The element with locator ---> By.cssSelector: #emailwas found
11:00:10.513 INFO  manager.MyListener - Start find element ---> By.cssSelector: #password
11:00:10.565 INFO  manager.MyListener - The element with locator ---> By.cssSelector: #passwordwas found
11:00:10.945 INFO  manager.MyListener - Start find element ---> By.xpath: //button[@type='submit']
11:00:10.989 INFO  manager.MyListener - The element with locator ---> By.xpath: //button[@type='submit']was found
11:00:11.103 INFO  manager.MyListener - Start find element ---> By.xpath: //button[@type='submit']
11:00:11.117 INFO  manager.MyListener - The element with locator ---> By.xpath: //button[@type='submit']was found
11:00:12.209 INFO  manager.MyListener - Start find element ---> By.cssSelector: .dialog-container h2
11:00:12.264 INFO  manager.MyListener - The element with locator ---> By.cssSelector: .dialog-container h2was found
11:00:12.358 INFO  manager.MyListener - Start find element ---> By.cssSelector: .dialog-container h2
11:00:12.374 INFO  manager.MyListener - The element with locator ---> By.cssSelector: .dialog-container h2was found
11:00:12.399 INFO  manager.MyListener - Start find element ---> By.xpath: //button[text()='Ok']
11:00:12.420 INFO  manager.MyListener - The element with locator ---> By.xpath: //button[text()='Ok']was found
11:00:12.421 INFO  manager.MyListener - Start find element ---> By.xpath: //button[text()='Ok']
11:00:12.438 INFO  manager.MyListener - The element with locator ---> By.xpath: //button[text()='Ok']was found
11:00:12.482 INFO  tests.TestBase - Starts test --->public void tests.LoginTests.loginSuccess(java.lang.String,java.lang.String)
11:00:12.483 INFO  manager.MyListener - Start find element ---> By.xpath: //a[text() =' Logout ']
11:00:12.497 INFO  manager.MyListener - The element with locator ---> By.xpath: //a[text() =' Logout ']was found
11:00:12.498 INFO  manager.MyListener - Start find element ---> By.xpath: //a[text() =' Logout ']
11:00:12.518 INFO  manager.MyListener - The element with locator ---> By.xpath: //a[text() =' Logout ']was found
11:00:12.742 INFO  tests.TestBase - Test needs logout
11:00:12.744 INFO  manager.MyListener - Start find element ---> By.cssSelector: [href='/login?url=%2Fsearch']
11:00:12.778 INFO  manager.MyListener - The element with locator ---> By.cssSelector: [href='/login?url=%2Fsearch']was found
11:00:12.929 INFO  manager.MyListener - Start find element ---> By.cssSelector: #email
11:00:12.954 INFO  manager.MyListener - The element with locator ---> By.cssSelector: #emailwas found
11:00:13.347 INFO  manager.MyListener - Start find element ---> By.cssSelector: #password
11:00:13.381 INFO  manager.MyListener - The element with locator ---> By.cssSelector: #passwordwas found
11:00:13.804 INFO  manager.MyListener - Start find element ---> By.xpath: //button[@type='submit']
11:00:13.843 INFO  manager.MyListener - The element with locator ---> By.xpath: //button[@type='submit']was found
11:00:13.932 INFO  manager.MyListener - Start find element ---> By.xpath: //button[@type='submit']
11:00:13.970 INFO  manager.MyListener - The element with locator ---> By.xpath: //button[@type='submit']was found
11:00:15.115 INFO  manager.MyListener - Start find element ---> By.cssSelector: .dialog-container h2
11:00:15.155 INFO  manager.MyListener - The element with locator ---> By.cssSelector: .dialog-container h2was found
11:00:15.230 INFO  manager.MyListener - Start find element ---> By.cssSelector: .dialog-container h2
11:00:15.278 INFO  manager.MyListener - The element with locator ---> By.cssSelector: .dialog-container h2was found
11:00:15.327 INFO  manager.MyListener - Start find element ---> By.xpath: //button[text()='Ok']
11:00:15.366 INFO  manager.MyListener - The element with locator ---> By.xpath: //button[text()='Ok']was found
11:00:15.367 INFO  manager.MyListener - Start find element ---> By.xpath: //button[text()='Ok']
11:00:15.398 INFO  manager.MyListener - The element with locator ---> By.xpath: //button[text()='Ok']was found
11:00:15.560 INFO  tests.TestBase - Starts test --->public void tests.LoginTests.loginSuccess(java.lang.String,java.lang.String)
11:00:15.565 INFO  manager.MyListener - Start find element ---> By.xpath: //a[text() =' Logout ']
11:00:15.604 INFO  manager.MyListener - The element with locator ---> By.xpath: //a[text() =' Logout ']was found
11:00:15.605 INFO  manager.MyListener - Start find element ---> By.xpath: //a[text() =' Logout ']
11:00:15.740 INFO  manager.MyListener - The element with locator ---> By.xpath: //a[text() =' Logout ']was found
11:00:15.966 INFO  tests.TestBase - Test needs logout
11:00:15.969 INFO  manager.MyListener - Start find element ---> By.cssSelector: [href='/login?url=%2Fsearch']
11:00:16.000 INFO  manager.MyListener - The element with locator ---> By.cssSelector: [href='/login?url=%2Fsearch']was found
11:00:16.184 INFO  manager.MyListener - Start find element ---> By.cssSelector: #email
11:00:16.217 INFO  manager.MyListener - The element with locator ---> By.cssSelector: #emailwas found
11:00:16.669 INFO  manager.MyListener - Start find element ---> By.cssSelector: #password
11:00:16.700 INFO  manager.MyListener - The element with locator ---> By.cssSelector: #passwordwas found
11:00:17.184 INFO  manager.MyListener - Start find element ---> By.xpath: //button[@type='submit']
11:00:17.230 INFO  manager.MyListener - The element with locator ---> By.xpath: //button[@type='submit']was found
11:00:17.318 INFO  manager.MyListener - Start find element ---> By.xpath: //button[@type='submit']
11:00:17.352 INFO  manager.MyListener - The element with locator ---> By.xpath: //button[@type='submit']was found
11:00:18.502 INFO  manager.MyListener - Start find element ---> By.cssSelector: .dialog-container h2
11:00:18.545 INFO  manager.MyListener - The element with locator ---> By.cssSelector: .dialog-container h2was found
11:00:18.615 INFO  manager.MyListener - Start find element ---> By.cssSelector: .dialog-container h2
11:00:18.652 INFO  manager.MyListener - The element with locator ---> By.cssSelector: .dialog-container h2was found
11:00:18.698 INFO  manager.MyListener - Start find element ---> By.xpath: //button[text()='Ok']
11:00:18.726 INFO  manager.MyListener - The element with locator ---> By.xpath: //button[text()='Ok']was found
11:00:18.727 INFO  manager.MyListener - Start find element ---> By.xpath: //button[text()='Ok']
11:00:18.759 INFO  manager.MyListener - The element with locator ---> By.xpath: //button[text()='Ok']was found
11:00:18.871 INFO  tests.TestBase - Starts test --->public void tests.LoginTests.loginSuccess(java.lang.String,java.lang.String)
11:00:18.874 INFO  manager.MyListener - Start find element ---> By.xpath: //a[text() =' Logout ']
11:00:18.919 INFO  manager.MyListener - The element with locator ---> By.xpath: //a[text() =' Logout ']was found
11:00:18.920 INFO  manager.MyListener - Start find element ---> By.xpath: //a[text() =' Logout ']
11:00:18.948 INFO  manager.MyListener - The element with locator ---> By.xpath: //a[text() =' Logout ']was found
11:00:19.252 INFO  tests.TestBase - Test needs logout
11:00:19.255 INFO  manager.MyListener - Start find element ---> By.cssSelector: [href='/login?url=%2Fsearch']
11:00:19.294 INFO  manager.MyListener - The element with locator ---> By.cssSelector: [href='/login?url=%2Fsearch']was found
11:00:19.467 INFO  manager.MyListener - Start find element ---> By.cssSelector: #email
11:00:19.508 INFO  manager.MyListener - The element with locator ---> By.cssSelector: #emailwas found
11:00:20.030 INFO  manager.MyListener - Start find element ---> By.cssSelector: #password
11:00:20.093 INFO  manager.MyListener - The element with locator ---> By.cssSelector: #passwordwas found
11:00:20.494 INFO  manager.MyListener - Start find element ---> By.xpath: //button[@type='submit']
11:00:20.539 INFO  manager.MyListener - The element with locator ---> By.xpath: //button[@type='submit']was found
11:00:20.614 INFO  manager.MyListener - Start find element ---> By.xpath: //button[@type='submit']
11:00:20.645 INFO  manager.MyListener - The element with locator ---> By.xpath: //button[@type='submit']was found
11:00:21.781 INFO  manager.MyListener - Start find element ---> By.cssSelector: .dialog-container h2
11:00:21.820 INFO  manager.MyListener - The element with locator ---> By.cssSelector: .dialog-container h2was found
11:00:21.877 INFO  manager.MyListener - Start find element ---> By.cssSelector: .dialog-container h2
11:00:21.913 INFO  manager.MyListener - The element with locator ---> By.cssSelector: .dialog-container h2was found
11:00:21.958 INFO  manager.MyListener - Start find element ---> By.xpath: //button[text()='Ok']
11:00:21.991 INFO  manager.MyListener - The element with locator ---> By.xpath: //button[text()='Ok']was found
11:00:21.992 INFO  manager.MyListener - Start find element ---> By.xpath: //button[text()='Ok']
11:00:22.022 INFO  manager.MyListener - The element with locator ---> By.xpath: //button[text()='Ok']was found
11:00:22.137 INFO  tests.TestBase - Starts test --->public void tests.LoginTests.loginSuccess(java.lang.String,java.lang.String)
11:00:22.140 INFO  manager.MyListener - Start find element ---> By.xpath: //a[text() =' Logout ']
11:00:22.181 INFO  manager.MyListener - The element with locator ---> By.xpath: //a[text() =' Logout ']was found
11:00:22.182 INFO  manager.MyListener - Start find element ---> By.xpath: //a[text() =' Logout ']
11:00:22.209 INFO  manager.MyListener - The element with locator ---> By.xpath: //a[text() =' Logout ']was found
11:00:22.543 INFO  tests.TestBase - Test needs logout
11:00:22.544 INFO  manager.MyListener - Start find element ---> By.cssSelector: [href='/login?url=%2Fsearch']
11:00:22.584 INFO  manager.MyListener - The element with locator ---> By.cssSelector: [href='/login?url=%2Fsearch']was found
11:00:22.762 INFO  manager.MyListener - Start find element ---> By.cssSelector: #email
11:00:22.804 INFO  manager.MyListener - The element with locator ---> By.cssSelector: #emailwas found
11:00:23.376 INFO  manager.MyListener - Start find element ---> By.cssSelector: #password
11:00:23.407 INFO  manager.MyListener - The element with locator ---> By.cssSelector: #passwordwas found
11:00:23.765 INFO  manager.MyListener - Start find element ---> By.xpath: //button[@type='submit']
11:00:23.806 INFO  manager.MyListener - The element with locator ---> By.xpath: //button[@type='submit']was found
11:00:23.896 INFO  manager.MyListener - Start find element ---> By.xpath: //button[@type='submit']
11:00:23.933 INFO  manager.MyListener - The element with locator ---> By.xpath: //button[@type='submit']was found
11:00:25.059 INFO  manager.MyListener - Start find element ---> By.cssSelector: .dialog-container h2
11:00:25.100 INFO  manager.MyListener - The element with locator ---> By.cssSelector: .dialog-container h2was found
11:00:25.150 INFO  manager.MyListener - Start find element ---> By.cssSelector: .dialog-container h2
11:00:25.188 INFO  manager.MyListener - The element with locator ---> By.cssSelector: .dialog-container h2was found
11:00:25.232 INFO  manager.MyListener - Start find element ---> By.xpath: //button[text()='Ok']
11:00:25.265 INFO  manager.MyListener - The element with locator ---> By.xpath: //button[text()='Ok']was found
11:00:25.266 INFO  manager.MyListener - Start find element ---> By.xpath: //button[text()='Ok']
11:00:25.293 INFO  manager.MyListener - The element with locator ---> By.xpath: //button[text()='Ok']was found
11:00:25.417 INFO  tests.TestBase - Starts test --->public void tests.LoginTests.loginSuccess(models.User)
11:00:25.420 INFO  manager.MyListener - Start find element ---> By.xpath: //a[text() =' Logout ']
11:00:25.455 INFO  manager.MyListener - The element with locator ---> By.xpath: //a[text() =' Logout ']was found
11:00:25.455 INFO  manager.MyListener - Start find element ---> By.xpath: //a[text() =' Logout ']
11:00:25.481 INFO  manager.MyListener - The element with locator ---> By.xpath: //a[text() =' Logout ']was found
11:00:25.820 INFO  tests.TestBase - Test needs logout
11:00:25.878 INFO  manager.MyListener - Start find element ---> By.cssSelector: [href='/login?url=%2Fsearch']
11:00:25.919 INFO  manager.MyListener - The element with locator ---> By.cssSelector: [href='/login?url=%2Fsearch']was found
11:00:26.024 INFO  manager.MyListener - Start find element ---> By.cssSelector: #email
11:00:26.054 INFO  manager.MyListener - The element with locator ---> By.cssSelector: #emailwas found
11:00:26.577 INFO  manager.MyListener - Start find element ---> By.cssSelector: #password
11:00:26.615 INFO  manager.MyListener - The element with locator ---> By.cssSelector: #passwordwas found
11:00:27.014 INFO  manager.MyListener - Start find element ---> By.xpath: //button[@type='submit']
11:00:27.054 INFO  manager.MyListener - The element with locator ---> By.xpath: //button[@type='submit']was found
11:00:27.140 INFO  manager.MyListener - Start find element ---> By.xpath: //button[@type='submit']
11:00:27.175 INFO  manager.MyListener - The element with locator ---> By.xpath: //button[@type='submit']was found
11:00:28.321 INFO  manager.MyListener - Start find element ---> By.cssSelector: .dialog-container h2
11:00:28.361 INFO  manager.MyListener - The element with locator ---> By.cssSelector: .dialog-container h2was found
11:00:28.420 INFO  manager.MyListener - Start find element ---> By.cssSelector: .dialog-container h2
11:00:28.453 INFO  manager.MyListener - The element with locator ---> By.cssSelector: .dialog-container h2was found
11:00:28.499 INFO  manager.MyListener - Start find element ---> By.xpath: //button[text()='Ok']
11:00:28.530 INFO  manager.MyListener - The element with locator ---> By.xpath: //button[text()='Ok']was found
11:00:28.531 INFO  manager.MyListener - Start find element ---> By.xpath: //button[text()='Ok']
11:00:28.554 INFO  manager.MyListener - The element with locator ---> By.xpath: //button[text()='Ok']was found
11:00:28.670 INFO  tests.TestBase - Starts test --->public void tests.LoginTests.loginSuccess(models.User)
11:00:28.672 INFO  manager.MyListener - Start find element ---> By.xpath: //a[text() =' Logout ']
11:00:28.712 INFO  manager.MyListener - The element with locator ---> By.xpath: //a[text() =' Logout ']was found
11:00:28.713 INFO  manager.MyListener - Start find element ---> By.xpath: //a[text() =' Logout ']
11:00:28.742 INFO  manager.MyListener - The element with locator ---> By.xpath: //a[text() =' Logout ']was found
11:00:29.067 INFO  tests.TestBase - Test needs logout
11:00:29.069 INFO  manager.MyListener - Start find element ---> By.cssSelector: [href='/login?url=%2Fsearch']
11:00:29.102 INFO  manager.MyListener - The element with locator ---> By.cssSelector: [href='/login?url=%2Fsearch']was found
11:00:29.270 INFO  manager.MyListener - Start find element ---> By.cssSelector: #email
11:00:29.300 INFO  manager.MyListener - The element with locator ---> By.cssSelector: #emailwas found
11:00:29.776 INFO  manager.MyListener - Start find element ---> By.cssSelector: #password
11:00:29.817 INFO  manager.MyListener - The element with locator ---> By.cssSelector: #passwordwas found
11:00:30.209 INFO  manager.MyListener - Start find element ---> By.xpath: //button[@type='submit']
11:00:30.244 INFO  manager.MyListener - The element with locator ---> By.xpath: //button[@type='submit']was found
11:00:30.328 INFO  manager.MyListener - Start find element ---> By.xpath: //button[@type='submit']
11:00:30.363 INFO  manager.MyListener - The element with locator ---> By.xpath: //button[@type='submit']was found
11:00:31.488 INFO  manager.MyListener - Start find element ---> By.cssSelector: .dialog-container h2
11:00:31.528 INFO  manager.MyListener - The element with locator ---> By.cssSelector: .dialog-container h2was found
11:00:31.578 INFO  manager.MyListener - Start find element ---> By.cssSelector: .dialog-container h2
11:00:31.616 INFO  manager.MyListener - The element with locator ---> By.cssSelector: .dialog-container h2was found
11:00:31.656 INFO  manager.MyListener - Start find element ---> By.xpath: //button[text()='Ok']
11:00:31.697 INFO  manager.MyListener - The element with locator ---> By.xpath: //button[text()='Ok']was found
11:00:31.698 INFO  manager.MyListener - Start find element ---> By.xpath: //button[text()='Ok']
11:00:31.724 INFO  manager.MyListener - The element with locator ---> By.xpath: //button[text()='Ok']was found
11:00:31.838 INFO  tests.TestBase - Starts test --->public void tests.LoginTests.loginSuccess(models.User)
11:00:31.840 INFO  manager.MyListener - Start find element ---> By.xpath: //a[text() =' Logout ']
11:00:31.870 INFO  manager.MyListener - The element with locator ---> By.xpath: //a[text() =' Logout ']was found
11:00:31.870 INFO  manager.MyListener - Start find element ---> By.xpath: //a[text() =' Logout ']
11:00:31.898 INFO  manager.MyListener - The element with locator ---> By.xpath: //a[text() =' Logout ']was found
11:00:32.221 INFO  tests.TestBase - Test needs logout
11:00:32.225 INFO  manager.MyListener - Start find element ---> By.cssSelector: [href='/login?url=%2Fsearch']
11:00:32.277 INFO  manager.MyListener - The element with locator ---> By.cssSelector: [href='/login?url=%2Fsearch']was found
11:00:32.493 INFO  manager.MyListener - Start find element ---> By.cssSelector: #email
11:00:32.527 INFO  manager.MyListener - The element with locator ---> By.cssSelector: #emailwas found
11:00:32.992 INFO  manager.MyListener - Start find element ---> By.cssSelector: #password
11:00:33.028 INFO  manager.MyListener - The element with locator ---> By.cssSelector: #passwordwas found
11:00:33.422 INFO  manager.MyListener - Start find element ---> By.xpath: //button[@type='submit']
11:00:33.461 INFO  manager.MyListener - The element with locator ---> By.xpath: //button[@type='submit']was found
11:00:33.544 INFO  manager.MyListener - Start find element ---> By.xpath: //button[@type='submit']
11:00:33.566 INFO  manager.MyListener - The element with locator ---> By.xpath: //button[@type='submit']was found
11:00:34.693 INFO  manager.MyListener - Start find element ---> By.cssSelector: .dialog-container h2
11:00:34.732 INFO  manager.MyListener - The element with locator ---> By.cssSelector: .dialog-container h2was found
11:00:34.786 INFO  manager.MyListener - Start find element ---> By.cssSelector: .dialog-container h2
11:00:34.824 INFO  manager.MyListener - The element with locator ---> By.cssSelector: .dialog-container h2was found
11:00:34.866 INFO  manager.MyListener - Start find element ---> By.xpath: //button[text()='Ok']
11:00:34.899 INFO  manager.MyListener - The element with locator ---> By.xpath: //button[text()='Ok']was found
11:00:34.900 INFO  manager.MyListener - Start find element ---> By.xpath: //button[text()='Ok']
11:00:34.933 INFO  manager.MyListener - The element with locator ---> By.xpath: //button[text()='Ok']was found
11:00:35.106 INFO  tests.TestBase - Starts test --->public void tests.LoginTests.loginSuccess(models.User)
11:00:35.107 INFO  manager.MyListener - Start find element ---> By.xpath: //a[text() =' Logout ']
11:00:35.118 INFO  manager.MyListener - The element with locator ---> By.xpath: //a[text() =' Logout ']was found
11:00:35.118 INFO  manager.MyListener - Start find element ---> By.xpath: //a[text() =' Logout ']
11:00:35.156 INFO  manager.MyListener - The element with locator ---> By.xpath: //a[text() =' Logout ']was found
11:00:35.478 INFO  tests.TestBase - Test needs logout
11:00:35.486 INFO  manager.MyListener - Start find element ---> By.cssSelector: [href='/login?url=%2Fsearch']
11:00:35.525 INFO  manager.MyListener - The element with locator ---> By.cssSelector: [href='/login?url=%2Fsearch']was found
11:00:35.704 INFO  manager.MyListener - Start find element ---> By.cssSelector: #email
11:00:35.730 INFO  manager.MyListener - The element with locator ---> By.cssSelector: #emailwas found
11:00:36.175 INFO  manager.MyListener - Start find element ---> By.cssSelector: #password
11:00:36.210 INFO  manager.MyListener - The element with locator ---> By.cssSelector: #passwordwas found
11:00:36.597 INFO  manager.MyListener - Start find element ---> By.xpath: //button[@type='submit']
11:00:36.632 INFO  manager.MyListener - The element with locator ---> By.xpath: //button[@type='submit']was found
11:00:36.709 INFO  manager.MyListener - Start find element ---> By.xpath: //button[@type='submit']
11:00:36.733 INFO  manager.MyListener - The element with locator ---> By.xpath: //button[@type='submit']was found
11:00:37.867 INFO  manager.MyListener - Start find element ---> By.cssSelector: .dialog-container h2
11:00:37.911 INFO  manager.MyListener - The element with locator ---> By.cssSelector: .dialog-container h2was found
11:00:37.976 INFO  manager.MyListener - Start find element ---> By.cssSelector: .dialog-container h2
11:00:38.011 INFO  manager.MyListener - The element with locator ---> By.cssSelector: .dialog-container h2was found
11:00:38.051 INFO  manager.MyListener - Start find element ---> By.xpath: //button[text()='Ok']
11:00:38.087 INFO  manager.MyListener - The element with locator ---> By.xpath: //button[text()='Ok']was found
11:00:38.088 INFO  manager.MyListener - Start find element ---> By.xpath: //button[text()='Ok']
11:00:38.120 INFO  manager.MyListener - The element with locator ---> By.xpath: //button[text()='Ok']was found
11:00:38.231 INFO  tests.TestBase - Starts test --->public void tests.LoginTests.loginSuccessModel()
11:00:38.234 INFO  manager.MyListener - Start find element ---> By.xpath: //a[text() =' Logout ']
11:00:38.270 INFO  manager.MyListener - The element with locator ---> By.xpath: //a[text() =' Logout ']was found
11:00:38.271 INFO  manager.MyListener - Start find element ---> By.xpath: //a[text() =' Logout ']
11:00:38.402 INFO  manager.MyListener - The element with locator ---> By.xpath: //a[text() =' Logout ']was found
11:00:38.640 INFO  tests.TestBase - Test needs logout
11:00:38.641 INFO  manager.MyListener - Start find element ---> By.cssSelector: [href='/login?url=%2Fsearch']
11:00:38.681 INFO  manager.MyListener - The element with locator ---> By.cssSelector: [href='/login?url=%2Fsearch']was found
11:00:38.862 INFO  manager.MyListener - Start find element ---> By.cssSelector: #email
11:00:38.896 INFO  manager.MyListener - The element with locator ---> By.cssSelector: #emailwas found
11:00:39.291 INFO  manager.MyListener - Start find element ---> By.cssSelector: #password
11:00:39.311 INFO  manager.MyListener - The element with locator ---> By.cssSelector: #passwordwas found
11:00:39.665 INFO  manager.MyListener - Start find element ---> By.xpath: //button[@type='submit']
11:00:39.688 INFO  manager.MyListener - The element with locator ---> By.xpath: //button[@type='submit']was found
11:00:39.752 INFO  manager.MyListener - Start find element ---> By.xpath: //button[@type='submit']
11:00:39.787 INFO  manager.MyListener - The element with locator ---> By.xpath: //button[@type='submit']was found
11:00:40.915 INFO  manager.MyListener - Start find element ---> By.cssSelector: .dialog-container h2
11:00:40.957 INFO  manager.MyListener - The element with locator ---> By.cssSelector: .dialog-container h2was found
11:00:41.030 INFO  manager.MyListener - Start find element ---> By.cssSelector: .dialog-container h2
11:00:41.067 INFO  manager.MyListener - The element with locator ---> By.cssSelector: .dialog-container h2was found
11:00:41.120 INFO  manager.MyListener - Start find element ---> By.xpath: //button[text()='Ok']
11:00:41.157 INFO  manager.MyListener - The element with locator ---> By.xpath: //button[text()='Ok']was found
11:00:41.157 INFO  manager.MyListener - Start find element ---> By.xpath: //button[text()='Ok']
11:00:41.189 INFO  manager.MyListener - The element with locator ---> By.xpath: //button[text()='Ok']was found
11:00:41.352 INFO  tests.TestBase - Starts test --->public void tests.LoginTests.loginSuccessModel(models.User)
11:00:41.355 INFO  manager.MyListener - Start find element ---> By.xpath: //a[text() =' Logout ']
11:00:41.397 INFO  manager.MyListener - The element with locator ---> By.xpath: //a[text() =' Logout ']was found
11:00:41.398 INFO  manager.MyListener - Start find element ---> By.xpath: //a[text() =' Logout ']
11:00:41.539 INFO  manager.MyListener - The element with locator ---> By.xpath: //a[text() =' Logout ']was found
11:00:41.778 INFO  tests.TestBase - Test needs logout
11:00:41.779 INFO  manager.MyListener - Start find element ---> By.cssSelector: [href='/login?url=%2Fsearch']
11:00:41.817 INFO  manager.MyListener - The element with locator ---> By.cssSelector: [href='/login?url=%2Fsearch']was found
11:00:41.993 INFO  manager.MyListener - Start find element ---> By.cssSelector: #email
11:00:42.031 INFO  manager.MyListener - The element with locator ---> By.cssSelector: #emailwas found
11:00:42.523 INFO  manager.MyListener - Start find element ---> By.cssSelector: #password
11:00:42.555 INFO  manager.MyListener - The element with locator ---> By.cssSelector: #passwordwas found
11:00:42.987 INFO  manager.MyListener - Start find element ---> By.xpath: //button[@type='submit']
11:00:43.020 INFO  manager.MyListener - The element with locator ---> By.xpath: //button[@type='submit']was found
11:00:43.105 INFO  manager.MyListener - Start find element ---> By.xpath: //button[@type='submit']
11:00:43.127 INFO  manager.MyListener - The element with locator ---> By.xpath: //button[@type='submit']was found
11:00:44.258 INFO  manager.MyListener - Start find element ---> By.cssSelector: .dialog-container h2
11:00:44.299 INFO  manager.MyListener - The element with locator ---> By.cssSelector: .dialog-container h2was found
11:00:44.354 INFO  manager.MyListener - Start find element ---> By.cssSelector: .dialog-container h2
11:00:44.390 INFO  manager.MyListener - The element with locator ---> By.cssSelector: .dialog-container h2was found
11:00:44.438 INFO  manager.MyListener - Start find element ---> By.xpath: //button[text()='Ok']
11:00:44.472 INFO  manager.MyListener - The element with locator ---> By.xpath: //button[text()='Ok']was found
11:00:44.473 INFO  manager.MyListener - Start find element ---> By.xpath: //button[text()='Ok']
11:00:44.512 INFO  manager.MyListener - The element with locator ---> By.xpath: //button[text()='Ok']was found
11:00:44.587 INFO  tests.TestBase - Starts test --->public void tests.LoginTests.loginSuccessModel(models.User)
11:00:44.588 INFO  manager.MyListener - Start find element ---> By.xpath: //a[text() =' Logout ']
11:00:44.612 INFO  manager.MyListener - The element with locator ---> By.xpath: //a[text() =' Logout ']was found
11:00:44.613 INFO  manager.MyListener - Start find element ---> By.xpath: //a[text() =' Logout ']
11:00:44.641 INFO  manager.MyListener - The element with locator ---> By.xpath: //a[text() =' Logout ']was found
11:00:44.835 INFO  tests.TestBase - Test needs logout
11:00:44.836 INFO  manager.MyListener - Start find element ---> By.cssSelector: [href='/login?url=%2Fsearch']
11:00:44.861 INFO  manager.MyListener - The element with locator ---> By.cssSelector: [href='/login?url=%2Fsearch']was found
11:00:45.085 INFO  manager.MyListener - Start find element ---> By.cssSelector: #email
11:00:45.115 INFO  manager.MyListener - The element with locator ---> By.cssSelector: #emailwas found
11:00:45.585 INFO  manager.MyListener - Start find element ---> By.cssSelector: #password
11:00:45.626 INFO  manager.MyListener - The element with locator ---> By.cssSelector: #passwordwas found
11:00:46.073 INFO  manager.MyListener - Start find element ---> By.xpath: //button[@type='submit']
11:00:46.108 INFO  manager.MyListener - The element with locator ---> By.xpath: //button[@type='submit']was found
11:00:46.193 INFO  manager.MyListener - Start find element ---> By.xpath: //button[@type='submit']
11:00:46.228 INFO  manager.MyListener - The element with locator ---> By.xpath: //button[@type='submit']was found
11:00:47.367 INFO  manager.MyListener - Start find element ---> By.cssSelector: .dialog-container h2
11:00:47.406 INFO  manager.MyListener - The element with locator ---> By.cssSelector: .dialog-container h2was found
11:00:47.463 INFO  manager.MyListener - Start find element ---> By.cssSelector: .dialog-container h2
11:00:47.494 INFO  manager.MyListener - The element with locator ---> By.cssSelector: .dialog-container h2was found
11:00:47.538 INFO  manager.MyListener - Start find element ---> By.xpath: //button[text()='Ok']
11:00:47.570 INFO  manager.MyListener - The element with locator ---> By.xpath: //button[text()='Ok']was found
11:00:47.570 INFO  manager.MyListener - Start find element ---> By.xpath: //button[text()='Ok']
11:00:47.600 INFO  manager.MyListener - The element with locator ---> By.xpath: //button[text()='Ok']was found
11:00:47.712 INFO  tests.TestBase - Starts test --->public void tests.LoginTests.loginSuccessModel(models.User)
11:00:47.714 INFO  manager.MyListener - Start find element ---> By.xpath: //a[text() =' Logout ']
11:00:47.741 INFO  manager.MyListener - The element with locator ---> By.xpath: //a[text() =' Logout ']was found
11:00:47.741 INFO  manager.MyListener - Start find element ---> By.xpath: //a[text() =' Logout ']
11:00:47.770 INFO  manager.MyListener - The element with locator ---> By.xpath: //a[text() =' Logout ']was found
11:00:48.087 INFO  tests.TestBase - Test needs logout
11:00:48.090 INFO  manager.MyListener - Start find element ---> By.cssSelector: [href='/login?url=%2Fsearch']
11:00:48.129 INFO  manager.MyListener - The element with locator ---> By.cssSelector: [href='/login?url=%2Fsearch']was found
11:00:48.313 INFO  manager.MyListener - Start find element ---> By.cssSelector: #email
11:00:48.344 INFO  manager.MyListener - The element with locator ---> By.cssSelector: #emailwas found
11:00:48.814 INFO  manager.MyListener - Start find element ---> By.cssSelector: #password
11:00:48.845 INFO  manager.MyListener - The element with locator ---> By.cssSelector: #passwordwas found
11:00:49.234 INFO  manager.MyListener - Start find element ---> By.xpath: //button[@type='submit']
11:00:49.262 INFO  manager.MyListener - The element with locator ---> By.xpath: //button[@type='submit']was found
11:00:49.343 INFO  manager.MyListener - Start find element ---> By.xpath: //button[@type='submit']
11:00:49.382 INFO  manager.MyListener - The element with locator ---> By.xpath: //button[@type='submit']was found
11:00:50.513 INFO  manager.MyListener - Start find element ---> By.cssSelector: .dialog-container h2
11:00:50.552 INFO  manager.MyListener - The element with locator ---> By.cssSelector: .dialog-container h2was found
11:00:50.605 INFO  manager.MyListener - Start find element ---> By.cssSelector: .dialog-container h2
11:00:50.627 INFO  manager.MyListener - The element with locator ---> By.cssSelector: .dialog-container h2was found
11:00:50.666 INFO  manager.MyListener - Start find element ---> By.xpath: //button[text()='Ok']
11:00:50.689 INFO  manager.MyListener - The element with locator ---> By.xpath: //button[text()='Ok']was found
11:00:50.690 INFO  manager.MyListener - Start find element ---> By.xpath: //button[text()='Ok']
11:00:50.720 INFO  manager.MyListener - The element with locator ---> By.xpath: //button[text()='Ok']was found
11:00:50.833 INFO  tests.TestBase - Starts test --->public void tests.LoginTests.loginSuccessModel(models.User)
11:00:50.835 INFO  manager.MyListener - Start find element ---> By.xpath: //a[text() =' Logout ']
11:00:50.873 INFO  manager.MyListener - The element with locator ---> By.xpath: //a[text() =' Logout ']was found
11:00:50.874 INFO  manager.MyListener - Start find element ---> By.xpath: //a[text() =' Logout ']
11:00:51.002 INFO  manager.MyListener - The element with locator ---> By.xpath: //a[text() =' Logout ']was found
11:00:51.245 INFO  tests.TestBase - Test needs logout
11:00:51.248 INFO  manager.MyListener - Start find element ---> By.cssSelector: [href='/login?url=%2Fsearch']
11:00:51.283 INFO  manager.MyListener - The element with locator ---> By.cssSelector: [href='/login?url=%2Fsearch']was found
11:00:51.456 INFO  manager.MyListener - Start find element ---> By.cssSelector: #email
11:00:51.485 INFO  manager.MyListener - The element with locator ---> By.cssSelector: #emailwas found
11:00:51.917 INFO  manager.MyListener - Start find element ---> By.cssSelector: #password
11:00:51.934 INFO  manager.MyListener - The element with locator ---> By.cssSelector: #passwordwas found
11:00:52.105 INFO  manager.MyListener - Start find element ---> By.xpath: //button[@type='submit']
11:00:52.121 INFO  manager.MyListener - The element with locator ---> By.xpath: //button[@type='submit']was found
11:00:52.181 INFO  manager.MyListener - Start find element ---> By.xpath: //button[@type='submit']
11:00:52.198 INFO  manager.MyListener - The element with locator ---> By.xpath: //button[@type='submit']was found
11:00:53.287 INFO  manager.MyListener - Start find element ---> By.cssSelector: .dialog-container h2
11:00:53.326 INFO  manager.MyListener - The element with locator ---> By.cssSelector: .dialog-container h2was found
11:00:53.383 INFO  manager.MyListener - Start find element ---> By.cssSelector: .dialog-container h2
11:00:53.416 INFO  manager.MyListener - The element with locator ---> By.cssSelector: .dialog-container h2was found
11:00:53.460 INFO  manager.MyListener - Start find element ---> By.xpath: //button[text()='Ok']
11:00:53.495 INFO  manager.MyListener - The element with locator ---> By.xpath: //button[text()='Ok']was found
11:00:53.496 INFO  manager.MyListener - Start find element ---> By.xpath: //button[text()='Ok']
11:00:53.525 INFO  manager.MyListener - The element with locator ---> By.xpath: //button[text()='Ok']was found
11:00:53.641 INFO  tests.TestBase - Starts test --->public void tests.LoginTests.loginSuccessNew()
11:00:53.643 INFO  manager.MyListener - Start find element ---> By.xpath: //a[text() =' Logout ']
11:00:53.681 INFO  manager.MyListener - The element with locator ---> By.xpath: //a[text() =' Logout ']was found
11:00:53.682 INFO  manager.MyListener - Start find element ---> By.xpath: //a[text() =' Logout ']
11:00:53.708 INFO  manager.MyListener - The element with locator ---> By.xpath: //a[text() =' Logout ']was found
11:00:53.954 INFO  tests.TestBase - Test needs logout
11:00:53.955 INFO  manager.MyListener - Start find element ---> By.cssSelector: [href='/login?url=%2Fsearch']
11:00:53.981 INFO  manager.MyListener - The element with locator ---> By.cssSelector: [href='/login?url=%2Fsearch']was found
11:00:54.120 INFO  manager.MyListener - Start find element ---> By.cssSelector: #email
11:00:54.140 INFO  manager.MyListener - The element with locator ---> By.cssSelector: #emailwas found
11:00:54.723 INFO  manager.MyListener - Start find element ---> By.cssSelector: #password
11:00:54.747 INFO  manager.MyListener - The element with locator ---> By.cssSelector: #passwordwas found
11:00:55.140 INFO  manager.MyListener - Start find element ---> By.xpath: //button[@type='submit']
11:00:55.172 INFO  manager.MyListener - The element with locator ---> By.xpath: //button[@type='submit']was found
11:00:55.248 INFO  manager.MyListener - Start find element ---> By.xpath: //button[@type='submit']
11:00:55.279 INFO  manager.MyListener - The element with locator ---> By.xpath: //button[@type='submit']was found
11:00:56.408 INFO  manager.MyListener - Start find element ---> By.cssSelector: .dialog-container h2
11:00:56.449 INFO  manager.MyListener - The element with locator ---> By.cssSelector: .dialog-container h2was found
11:00:56.514 INFO  manager.MyListener - Start find element ---> By.cssSelector: .dialog-container h2
11:00:56.552 INFO  manager.MyListener - The element with locator ---> By.cssSelector: .dialog-container h2was found
11:00:56.592 INFO  manager.MyListener - Start find element ---> By.xpath: //button[text()='Ok']
11:00:56.627 INFO  manager.MyListener - The element with locator ---> By.xpath: //button[text()='Ok']was found
11:00:56.627 INFO  manager.MyListener - Start find element ---> By.xpath: //button[text()='Ok']
11:00:56.658 INFO  manager.MyListener - The element with locator ---> By.xpath: //button[text()='Ok']was found
11:00:56.788 INFO  tests.TestBase - Starts test --->public void tests.RegistrationTests.regSuccess()
11:00:56.790 INFO  manager.MyListener - Start find element ---> By.xpath: //a[text() =' Logout ']
11:00:56.823 INFO  manager.MyListener - The element with locator ---> By.xpath: //a[text() =' Logout ']was found
11:00:56.823 INFO  manager.MyListener - Start find element ---> By.xpath: //a[text() =' Logout ']
11:00:56.962 INFO  manager.MyListener - The element with locator ---> By.xpath: //a[text() =' Logout ']was found
11:00:57.237 INFO  manager.MyListener - Start find element ---> By.cssSelector: [href='/registration?url=%2Fsearch']
11:00:57.280 INFO  manager.MyListener - The element with locator ---> By.cssSelector: [href='/registration?url=%2Fsearch']was found
11:00:57.496 INFO  manager.MyListener - Start find element ---> By.cssSelector: #name
11:00:57.559 INFO  manager.MyListener - The element with locator ---> By.cssSelector: #namewas found
11:00:57.864 INFO  manager.MyListener - Start find element ---> By.cssSelector: #lastName
11:00:57.887 INFO  manager.MyListener - The element with locator ---> By.cssSelector: #lastNamewas found
11:00:58.134 INFO  manager.MyListener - Start find element ---> By.cssSelector: #email
11:00:58.156 INFO  manager.MyListener - The element with locator ---> By.cssSelector: #emailwas found
11:00:58.480 INFO  manager.MyListener - Start find element ---> By.cssSelector: #password
11:00:58.507 INFO  manager.MyListener - The element with locator ---> By.cssSelector: #passwordwas found
11:00:58.768 INFO  manager.MyListener - Start find element ---> By.cssSelector: label[for='terms-of-use']
11:00:58.797 INFO  manager.MyListener - The element with locator ---> By.cssSelector: label[for='terms-of-use']was found
11:00:59.288 INFO  manager.MyListener - Start find element ---> By.xpath: //button[@type='submit']
11:00:59.328 INFO  manager.MyListener - The element with locator ---> By.xpath: //button[@type='submit']was found
11:00:59.443 INFO  manager.MyListener - Start find element ---> By.xpath: //button[@type='submit']
11:00:59.480 INFO  manager.MyListener - The element with locator ---> By.xpath: //button[@type='submit']was found
11:00:59.541 INFO  manager.MyListener - Start find element ---> By.cssSelector: .dialog-container h2
11:01:00.283 INFO  manager.MyListener - The element with locator ---> By.cssSelector: .dialog-container h2was found
11:01:00.353 INFO  manager.MyListener - Start find element ---> By.cssSelector: .dialog-container h2
11:01:00.386 INFO  manager.MyListener - The element with locator ---> By.cssSelector: .dialog-container h2was found
11:01:00.446 INFO  manager.MyListener - Start find element ---> By.xpath: //button[text()='Ok']
11:01:00.477 INFO  manager.MyListener - The element with locator ---> By.xpath: //button[text()='Ok']was found
11:01:00.477 INFO  manager.MyListener - Start find element ---> By.xpath: //button[text()='Ok']
11:01:00.508 INFO  manager.MyListener - The element with locator ---> By.xpath: //button[text()='Ok']was found
11:01:00.645 INFO  tests.TestBase - Starts test --->public void tests.RegistrationTests.regSuccessModel()
11:01:00.646 INFO  manager.MyListener - Start find element ---> By.xpath: //a[text() =' Logout ']
11:01:00.682 INFO  manager.MyListener - The element with locator ---> By.xpath: //a[text() =' Logout ']was found
11:01:00.683 INFO  manager.MyListener - Start find element ---> By.xpath: //a[text() =' Logout ']
11:01:00.789 INFO  manager.MyListener - The element with locator ---> By.xpath: //a[text() =' Logout ']was found
11:01:00.876 INFO  manager.MyListener - Start find element ---> By.cssSelector: [href='/registration?url=%2Fsearch']
11:01:00.902 INFO  manager.MyListener - The element with locator ---> By.cssSelector: [href='/registration?url=%2Fsearch']was found
11:01:01.149 INFO  manager.MyListener - Start find element ---> By.cssSelector: #name
11:01:01.186 INFO  manager.MyListener - The element with locator ---> By.cssSelector: #namewas found
11:01:01.563 INFO  manager.MyListener - Start find element ---> By.cssSelector: #lastName
11:01:01.594 INFO  manager.MyListener - The element with locator ---> By.cssSelector: #lastNamewas found
11:01:02.012 INFO  manager.MyListener - Start find element ---> By.cssSelector: #email
11:01:02.045 INFO  manager.MyListener - The element with locator ---> By.cssSelector: #emailwas found
11:01:02.528 INFO  manager.MyListener - Start find element ---> By.cssSelector: #password
11:01:02.556 INFO  manager.MyListener - The element with locator ---> By.cssSelector: #passwordwas found
11:01:02.953 INFO  manager.MyListener - Start find element ---> By.cssSelector: label[for='terms-of-use']
11:01:02.990 INFO  manager.MyListener - The element with locator ---> By.cssSelector: label[for='terms-of-use']was found
11:01:03.444 INFO  manager.MyListener - Start find element ---> By.xpath: //button[@type='submit']
11:01:03.487 INFO  manager.MyListener - The element with locator ---> By.xpath: //button[@type='submit']was found
11:01:03.567 INFO  manager.MyListener - Start find element ---> By.xpath: //button[@type='submit']
11:01:03.590 INFO  manager.MyListener - The element with locator ---> By.xpath: //button[@type='submit']was found
11:01:03.725 INFO  manager.MyListener - Start find element ---> By.cssSelector: .dialog-container h2
11:01:04.241 INFO  manager.MyListener - The element with locator ---> By.cssSelector: .dialog-container h2was found
11:01:04.299 INFO  manager.MyListener - Start find element ---> By.cssSelector: .dialog-container h2
11:01:04.338 INFO  manager.MyListener - The element with locator ---> By.cssSelector: .dialog-container h2was found
11:01:04.388 INFO  manager.MyListener - Start find element ---> By.xpath: //button[text()='Ok']
11:01:04.413 INFO  manager.MyListener - The element with locator ---> By.xpath: //button[text()='Ok']was found
11:01:04.413 INFO  manager.MyListener - Start find element ---> By.xpath: //button[text()='Ok']
11:01:04.445 INFO  manager.MyListener - The element with locator ---> By.xpath: //button[text()='Ok']was found
11:01:04.573 INFO  tests.TestBase - Starts test --->public void tests.RegistrationTests.regWrongPasswordModel()
11:01:04.575 INFO  manager.MyListener - Start find element ---> By.xpath: //a[text() =' Logout ']
11:01:04.603 INFO  manager.MyListener - The element with locator ---> By.xpath: //a[text() =' Logout ']was found
11:01:04.603 INFO  manager.MyListener - Start find element ---> By.xpath: //a[text() =' Logout ']
11:01:04.631 INFO  manager.MyListener - The element with locator ---> By.xpath: //a[text() =' Logout ']was found
11:01:04.975 INFO  manager.MyListener - Start find element ---> By.cssSelector: [href='/registration?url=%2Fsearch']
11:01:05.008 INFO  manager.MyListener - The element with locator ---> By.cssSelector: [href='/registration?url=%2Fsearch']was found
11:01:05.184 INFO  manager.MyListener - Start find element ---> By.cssSelector: #name
11:01:05.217 INFO  manager.MyListener - The element with locator ---> By.cssSelector: #namewas found
11:01:05.620 INFO  manager.MyListener - Start find element ---> By.cssSelector: #lastName
11:01:05.739 INFO  manager.MyListener - The element with locator ---> By.cssSelector: #lastNamewas found
11:01:06.121 INFO  manager.MyListener - Start find element ---> By.cssSelector: #email
11:01:06.161 INFO  manager.MyListener - The element with locator ---> By.cssSelector: #emailwas found
11:01:06.625 INFO  manager.MyListener - Start find element ---> By.cssSelector: #password
11:01:06.647 INFO  manager.MyListener - The element with locator ---> By.cssSelector: #passwordwas found
11:01:07.014 INFO  manager.MyListener - Start find element ---> By.cssSelector: label[for='terms-of-use']
11:01:07.054 INFO  manager.MyListener - The element with locator ---> By.cssSelector: label[for='terms-of-use']was found
11:01:07.185 INFO  manager.MyListener - Start find element ---> By.cssSelector: div.error div:first-child
11:01:07.233 INFO  manager.MyListener - The element with locator ---> By.cssSelector: div.error div:first-childwas found
11:01:07.273 INFO  manager.MyListener - Start find element ---> By.cssSelector: div.error div:last-child
11:01:07.308 INFO  manager.MyListener - The element with locator ---> By.cssSelector: div.error div:last-childwas found
11:01:07.348 INFO  manager.MyListener - Start find element ---> By.cssSelector: [type='submit']
11:01:07.377 INFO  manager.MyListener - The element with locator ---> By.cssSelector: [type='submit']was found
11:01:07.394 INFO  manager.MyListener - Start find element ---> By.cssSelector: button[disabled]
11:01:07.424 INFO  manager.MyListener - The element with locator ---> By.cssSelector: button[disabled]was found
11:01:07.426 INFO  manager.MyListener - Start find element ---> By.xpath: //button[text()='Ok']
11:01:17.440 INFO  manager.MyListener - The element with locator ---> By.xpath: //button[text()='Ok']was found
