20:12:31.364 INFO  manager.ApplicationManager - All tests start in ChromeDriver
20:12:36.229 INFO  tests.TestBase - Starts test --->public void tests.LoginTests.loginSuccess()
20:12:36.237 INFO  manager.MyListener - Start find element ---> By.xpath: //a[text() =' Logout ']
20:12:46.338 INFO  manager.MyListener - The element with locator ---> By.xpath: //a[text() =' Logout ']was found
20:12:46.343 INFO  tests.TestBase - The test starts with data [arielle@mail.ru] & [Arielle1234$]
20:12:46.344 INFO  manager.MyListener - Start find element ---> By.cssSelector: [href='/login?url=%2Fsearch']
20:12:46.402 INFO  manager.MyListener - The element with locator ---> By.cssSelector: [href='/login?url=%2Fsearch']was found
20:12:46.593 INFO  manager.MyListener - Start find element ---> By.cssSelector: #email
20:12:46.614 INFO  manager.MyListener - The element with locator ---> By.cssSelector: #emailwas found
20:12:46.953 INFO  manager.MyListener - Start find element ---> By.cssSelector: #password
20:12:46.981 INFO  manager.MyListener - The element with locator ---> By.cssSelector: #passwordwas found
20:12:47.326 INFO  manager.MyListener - Start find element ---> By.xpath: //button[@type='submit']
20:12:47.389 INFO  manager.MyListener - The element with locator ---> By.xpath: //button[@type='submit']was found
20:12:47.547 INFO  manager.MyListener - Start find element ---> By.xpath: //button[@type='submit']
20:12:47.586 INFO  manager.MyListener - The element with locator ---> By.xpath: //button[@type='submit']was found
20:12:48.753 INFO  manager.MyListener - Start find element ---> By.cssSelector: .dialog-container h2
20:12:48.785 INFO  manager.MyListener - The element with locator ---> By.cssSelector: .dialog-container h2was found
20:12:48.815 INFO  manager.MyListener - Start find element ---> By.cssSelector: .dialog-container h2
20:12:48.844 INFO  manager.MyListener - The element with locator ---> By.cssSelector: .dialog-container h2was found
20:12:48.895 INFO  manager.MyListener - Start find element ---> By.xpath: //button[text()='Ok']
20:12:48.929 INFO  manager.MyListener - The element with locator ---> By.xpath: //button[text()='Ok']was found
20:12:48.930 INFO  manager.MyListener - Start find element ---> By.xpath: //button[text()='Ok']
20:12:48.960 INFO  manager.MyListener - The element with locator ---> By.xpath: //button[text()='Ok']was found
20:12:49.060 INFO  tests.TestBase - Starts test --->public void tests.LoginTests.loginSuccess(java.lang.String,java.lang.String)
20:12:49.062 INFO  manager.MyListener - Start find element ---> By.xpath: //a[text() =' Logout ']
20:12:49.095 INFO  manager.MyListener - The element with locator ---> By.xpath: //a[text() =' Logout ']was found
20:12:49.096 INFO  manager.MyListener - Start find element ---> By.xpath: //a[text() =' Logout ']
20:12:49.229 INFO  manager.MyListener - The element with locator ---> By.xpath: //a[text() =' Logout ']was found
20:12:49.537 INFO  tests.TestBase - Test needs logout
20:12:49.541 INFO  manager.MyListener - Start find element ---> By.cssSelector: [href='/login?url=%2Fsearch']
20:12:49.580 INFO  manager.MyListener - The element with locator ---> By.cssSelector: [href='/login?url=%2Fsearch']was found
20:12:49.793 INFO  manager.MyListener - Start find element ---> By.cssSelector: #email
20:12:49.827 INFO  manager.MyListener - The element with locator ---> By.cssSelector: #emailwas found
20:12:50.324 INFO  manager.MyListener - Start find element ---> By.cssSelector: #password
20:12:50.339 INFO  manager.MyListener - The element with locator ---> By.cssSelector: #passwordwas found
20:12:50.757 INFO  manager.MyListener - Start find element ---> By.xpath: //button[@type='submit']
20:12:50.785 INFO  manager.MyListener - The element with locator ---> By.xpath: //button[@type='submit']was found
20:12:50.842 INFO  manager.MyListener - Start find element ---> By.xpath: //button[@type='submit']
20:12:50.882 INFO  manager.MyListener - The element with locator ---> By.xpath: //button[@type='submit']was found
20:12:52.028 INFO  manager.MyListener - Start find element ---> By.cssSelector: .dialog-container h2
20:12:52.068 INFO  manager.MyListener - The element with locator ---> By.cssSelector: .dialog-container h2was found
20:12:52.128 INFO  manager.MyListener - Start find element ---> By.cssSelector: .dialog-container h2
20:12:52.162 INFO  manager.MyListener - The element with locator ---> By.cssSelector: .dialog-container h2was found
20:12:52.213 INFO  manager.MyListener - Start find element ---> By.xpath: //button[text()='Ok']
20:12:52.254 INFO  manager.MyListener - The element with locator ---> By.xpath: //button[text()='Ok']was found
20:12:52.255 INFO  manager.MyListener - Start find element ---> By.xpath: //button[text()='Ok']
20:12:52.287 INFO  manager.MyListener - The element with locator ---> By.xpath: //button[text()='Ok']was found
20:12:52.414 INFO  tests.TestBase - Starts test --->public void tests.LoginTests.loginSuccess(java.lang.String,java.lang.String)
20:12:52.420 INFO  manager.MyListener - Start find element ---> By.xpath: //a[text() =' Logout ']
20:12:52.461 INFO  manager.MyListener - The element with locator ---> By.xpath: //a[text() =' Logout ']was found
20:12:52.462 INFO  manager.MyListener - Start find element ---> By.xpath: //a[text() =' Logout ']
20:12:52.599 INFO  manager.MyListener - The element with locator ---> By.xpath: //a[text() =' Logout ']was found
20:12:52.868 INFO  tests.TestBase - Test needs logout
20:12:52.873 INFO  manager.MyListener - Start find element ---> By.cssSelector: [href='/login?url=%2Fsearch']
20:12:52.909 INFO  manager.MyListener - The element with locator ---> By.cssSelector: [href='/login?url=%2Fsearch']was found
20:12:53.112 INFO  manager.MyListener - Start find element ---> By.cssSelector: #email
20:12:53.144 INFO  manager.MyListener - The element with locator ---> By.cssSelector: #emailwas found
20:12:53.658 INFO  manager.MyListener - Start find element ---> By.cssSelector: #password
20:12:53.712 INFO  manager.MyListener - The element with locator ---> By.cssSelector: #passwordwas found
20:12:54.143 INFO  manager.MyListener - Start find element ---> By.xpath: //button[@type='submit']
20:12:54.186 INFO  manager.MyListener - The element with locator ---> By.xpath: //button[@type='submit']was found
20:12:54.297 INFO  manager.MyListener - Start find element ---> By.xpath: //button[@type='submit']
20:12:54.338 INFO  manager.MyListener - The element with locator ---> By.xpath: //button[@type='submit']was found
20:12:55.498 INFO  manager.MyListener - Start find element ---> By.cssSelector: .dialog-container h2
20:12:55.540 INFO  manager.MyListener - The element with locator ---> By.cssSelector: .dialog-container h2was found
20:12:55.597 INFO  manager.MyListener - Start find element ---> By.cssSelector: .dialog-container h2
20:12:55.633 INFO  manager.MyListener - The element with locator ---> By.cssSelector: .dialog-container h2was found
20:12:55.683 INFO  manager.MyListener - Start find element ---> By.xpath: //button[text()='Ok']
20:12:55.724 INFO  manager.MyListener - The element with locator ---> By.xpath: //button[text()='Ok']was found
20:12:55.725 INFO  manager.MyListener - Start find element ---> By.xpath: //button[text()='Ok']
20:12:55.757 INFO  manager.MyListener - The element with locator ---> By.xpath: //button[text()='Ok']was found
20:12:55.878 INFO  tests.TestBase - Starts test --->public void tests.LoginTests.loginSuccess(java.lang.String,java.lang.String)
20:12:55.882 INFO  manager.MyListener - Start find element ---> By.xpath: //a[text() =' Logout ']
20:12:55.946 INFO  manager.MyListener - The element with locator ---> By.xpath: //a[text() =' Logout ']was found
20:12:55.947 INFO  manager.MyListener - Start find element ---> By.xpath: //a[text() =' Logout ']
20:12:56.084 INFO  manager.MyListener - The element with locator ---> By.xpath: //a[text() =' Logout ']was found
20:12:56.354 INFO  tests.TestBase - Test needs logout
20:12:56.356 INFO  manager.MyListener - Start find element ---> By.cssSelector: [href='/login?url=%2Fsearch']
20:12:56.384 INFO  manager.MyListener - The element with locator ---> By.cssSelector: [href='/login?url=%2Fsearch']was found
20:12:56.616 INFO  manager.MyListener - Start find element ---> By.cssSelector: #email
20:12:56.654 INFO  manager.MyListener - The element with locator ---> By.cssSelector: #emailwas found
20:12:57.062 INFO  manager.MyListener - Start find element ---> By.cssSelector: #password
20:12:57.093 INFO  manager.MyListener - The element with locator ---> By.cssSelector: #passwordwas found
20:12:57.369 INFO  manager.MyListener - Start find element ---> By.xpath: //button[@type='submit']
20:12:57.394 INFO  manager.MyListener - The element with locator ---> By.xpath: //button[@type='submit']was found
20:12:57.465 INFO  manager.MyListener - Start find element ---> By.xpath: //button[@type='submit']
20:12:57.483 INFO  manager.MyListener - The element with locator ---> By.xpath: //button[@type='submit']was found
20:12:58.577 INFO  manager.MyListener - Start find element ---> By.cssSelector: .dialog-container h2
20:12:58.617 INFO  manager.MyListener - The element with locator ---> By.cssSelector: .dialog-container h2was found
20:12:58.677 INFO  manager.MyListener - Start find element ---> By.cssSelector: .dialog-container h2
20:12:58.711 INFO  manager.MyListener - The element with locator ---> By.cssSelector: .dialog-container h2was found
20:12:58.760 INFO  manager.MyListener - Start find element ---> By.xpath: //button[text()='Ok']
20:12:58.800 INFO  manager.MyListener - The element with locator ---> By.xpath: //button[text()='Ok']was found
20:12:58.802 INFO  manager.MyListener - Start find element ---> By.xpath: //button[text()='Ok']
20:12:58.833 INFO  manager.MyListener - The element with locator ---> By.xpath: //button[text()='Ok']was found
20:12:58.972 INFO  tests.TestBase - Starts test --->public void tests.LoginTests.loginSuccess(java.lang.String,java.lang.String)
20:12:58.975 INFO  manager.MyListener - Start find element ---> By.xpath: //a[text() =' Logout ']
20:12:59.026 INFO  manager.MyListener - The element with locator ---> By.xpath: //a[text() =' Logout ']was found
20:12:59.027 INFO  manager.MyListener - Start find element ---> By.xpath: //a[text() =' Logout ']
20:12:59.199 INFO  manager.MyListener - The element with locator ---> By.xpath: //a[text() =' Logout ']was found
20:12:59.393 INFO  tests.TestBase - Test needs logout
20:12:59.394 INFO  manager.MyListener - Start find element ---> By.cssSelector: [href='/login?url=%2Fsearch']
20:12:59.409 INFO  manager.MyListener - The element with locator ---> By.cssSelector: [href='/login?url=%2Fsearch']was found
20:12:59.526 INFO  manager.MyListener - Start find element ---> By.cssSelector: #email
20:12:59.549 INFO  manager.MyListener - The element with locator ---> By.cssSelector: #emailwas found
20:12:59.843 INFO  manager.MyListener - Start find element ---> By.cssSelector: #password
20:12:59.892 INFO  manager.MyListener - The element with locator ---> By.cssSelector: #passwordwas found
20:13:00.158 INFO  manager.MyListener - Start find element ---> By.xpath: //button[@type='submit']
20:13:00.213 INFO  manager.MyListener - The element with locator ---> By.xpath: //button[@type='submit']was found
20:13:00.322 INFO  manager.MyListener - Start find element ---> By.xpath: //button[@type='submit']
20:13:00.365 INFO  manager.MyListener - The element with locator ---> By.xpath: //button[@type='submit']was found
20:13:01.538 INFO  manager.MyListener - Start find element ---> By.cssSelector: .dialog-container h2
20:13:01.577 INFO  manager.MyListener - The element with locator ---> By.cssSelector: .dialog-container h2was found
20:13:01.633 INFO  manager.MyListener - Start find element ---> By.cssSelector: .dialog-container h2
20:13:01.670 INFO  manager.MyListener - The element with locator ---> By.cssSelector: .dialog-container h2was found
20:13:01.731 INFO  manager.MyListener - Start find element ---> By.xpath: //button[text()='Ok']
20:13:01.765 INFO  manager.MyListener - The element with locator ---> By.xpath: //button[text()='Ok']was found
20:13:01.767 INFO  manager.MyListener - Start find element ---> By.xpath: //button[text()='Ok']
20:13:01.822 INFO  manager.MyListener - The element with locator ---> By.xpath: //button[text()='Ok']was found
20:13:01.967 INFO  tests.TestBase - Starts test --->public void tests.LoginTests.loginSuccess(models.User)
20:13:01.973 INFO  manager.MyListener - Start find element ---> By.xpath: //a[text() =' Logout ']
20:13:02.015 INFO  manager.MyListener - The element with locator ---> By.xpath: //a[text() =' Logout ']was found
20:13:02.016 INFO  manager.MyListener - Start find element ---> By.xpath: //a[text() =' Logout ']
20:13:02.141 INFO  manager.MyListener - The element with locator ---> By.xpath: //a[text() =' Logout ']was found
20:13:02.396 INFO  tests.TestBase - Test needs logout
20:13:02.428 INFO  manager.MyListener - Start find element ---> By.cssSelector: [href='/login?url=%2Fsearch']
20:13:02.449 INFO  manager.MyListener - The element with locator ---> By.cssSelector: [href='/login?url=%2Fsearch']was found
20:13:02.579 INFO  manager.MyListener - Start find element ---> By.cssSelector: #email
20:13:02.605 INFO  manager.MyListener - The element with locator ---> By.cssSelector: #emailwas found
20:13:02.938 INFO  manager.MyListener - Start find element ---> By.cssSelector: #password
20:13:02.977 INFO  manager.MyListener - The element with locator ---> By.cssSelector: #passwordwas found
20:13:03.271 INFO  manager.MyListener - Start find element ---> By.xpath: //button[@type='submit']
20:13:03.301 INFO  manager.MyListener - The element with locator ---> By.xpath: //button[@type='submit']was found
20:13:03.359 INFO  manager.MyListener - Start find element ---> By.xpath: //button[@type='submit']
20:13:03.380 INFO  manager.MyListener - The element with locator ---> By.xpath: //button[@type='submit']was found
20:13:04.504 INFO  manager.MyListener - Start find element ---> By.cssSelector: .dialog-container h2
20:13:04.543 INFO  manager.MyListener - The element with locator ---> By.cssSelector: .dialog-container h2was found
20:13:04.600 INFO  manager.MyListener - Start find element ---> By.cssSelector: .dialog-container h2
20:13:04.638 INFO  manager.MyListener - The element with locator ---> By.cssSelector: .dialog-container h2was found
20:13:04.692 INFO  manager.MyListener - Start find element ---> By.xpath: //button[text()='Ok']
20:13:04.729 INFO  manager.MyListener - The element with locator ---> By.xpath: //button[text()='Ok']was found
20:13:04.730 INFO  manager.MyListener - Start find element ---> By.xpath: //button[text()='Ok']
20:13:04.761 INFO  manager.MyListener - The element with locator ---> By.xpath: //button[text()='Ok']was found
20:13:04.888 INFO  tests.TestBase - Starts test --->public void tests.LoginTests.loginSuccess(models.User)
20:13:04.890 INFO  manager.MyListener - Start find element ---> By.xpath: //a[text() =' Logout ']
20:13:04.933 INFO  manager.MyListener - The element with locator ---> By.xpath: //a[text() =' Logout ']was found
20:13:04.934 INFO  manager.MyListener - Start find element ---> By.xpath: //a[text() =' Logout ']
20:13:05.097 INFO  manager.MyListener - The element with locator ---> By.xpath: //a[text() =' Logout ']was found
20:13:05.349 INFO  tests.TestBase - Test needs logout
20:13:05.352 INFO  manager.MyListener - Start find element ---> By.cssSelector: [href='/login?url=%2Fsearch']
20:13:05.377 INFO  manager.MyListener - The element with locator ---> By.cssSelector: [href='/login?url=%2Fsearch']was found
20:13:05.599 INFO  manager.MyListener - Start find element ---> By.cssSelector: #email
20:13:05.641 INFO  manager.MyListener - The element with locator ---> By.cssSelector: #emailwas found
20:13:06.161 INFO  manager.MyListener - Start find element ---> By.cssSelector: #password
20:13:06.189 INFO  manager.MyListener - The element with locator ---> By.cssSelector: #passwordwas found
20:13:06.656 INFO  manager.MyListener - Start find element ---> By.xpath: //button[@type='submit']
20:13:06.689 INFO  manager.MyListener - The element with locator ---> By.xpath: //button[@type='submit']was found
20:13:06.801 INFO  manager.MyListener - Start find element ---> By.xpath: //button[@type='submit']
20:13:06.841 INFO  manager.MyListener - The element with locator ---> By.xpath: //button[@type='submit']was found
20:13:07.996 INFO  manager.MyListener - Start find element ---> By.cssSelector: .dialog-container h2
20:13:08.037 INFO  manager.MyListener - The element with locator ---> By.cssSelector: .dialog-container h2was found
20:13:08.092 INFO  manager.MyListener - Start find element ---> By.cssSelector: .dialog-container h2
20:13:08.127 INFO  manager.MyListener - The element with locator ---> By.cssSelector: .dialog-container h2was found
20:13:08.173 INFO  manager.MyListener - Start find element ---> By.xpath: //button[text()='Ok']
20:13:08.200 INFO  manager.MyListener - The element with locator ---> By.xpath: //button[text()='Ok']was found
20:13:08.202 INFO  manager.MyListener - Start find element ---> By.xpath: //button[text()='Ok']
20:13:08.232 INFO  manager.MyListener - The element with locator ---> By.xpath: //button[text()='Ok']was found
20:13:08.362 INFO  tests.TestBase - Starts test --->public void tests.LoginTests.loginSuccess(models.User)
20:13:08.365 INFO  manager.MyListener - Start find element ---> By.xpath: //a[text() =' Logout ']
20:13:08.412 INFO  manager.MyListener - The element with locator ---> By.xpath: //a[text() =' Logout ']was found
20:13:08.413 INFO  manager.MyListener - Start find element ---> By.xpath: //a[text() =' Logout ']
20:13:08.513 INFO  manager.MyListener - The element with locator ---> By.xpath: //a[text() =' Logout ']was found
20:13:08.593 INFO  tests.TestBase - Test needs logout
20:13:08.594 INFO  manager.MyListener - Start find element ---> By.cssSelector: [href='/login?url=%2Fsearch']
20:13:08.609 INFO  manager.MyListener - The element with locator ---> By.cssSelector: [href='/login?url=%2Fsearch']was found
20:13:08.745 INFO  manager.MyListener - Start find element ---> By.cssSelector: #email
20:13:08.772 INFO  manager.MyListener - The element with locator ---> By.cssSelector: #emailwas found
20:13:09.095 INFO  manager.MyListener - Start find element ---> By.cssSelector: #password
20:13:09.124 INFO  manager.MyListener - The element with locator ---> By.cssSelector: #passwordwas found
20:13:09.386 INFO  manager.MyListener - Start find element ---> By.xpath: //button[@type='submit']
20:13:09.413 INFO  manager.MyListener - The element with locator ---> By.xpath: //button[@type='submit']was found
20:13:09.474 INFO  manager.MyListener - Start find element ---> By.xpath: //button[@type='submit']
20:13:09.517 INFO  manager.MyListener - The element with locator ---> By.xpath: //button[@type='submit']was found
20:13:10.672 INFO  manager.MyListener - Start find element ---> By.cssSelector: .dialog-container h2
20:13:10.711 INFO  manager.MyListener - The element with locator ---> By.cssSelector: .dialog-container h2was found
20:13:10.769 INFO  manager.MyListener - Start find element ---> By.cssSelector: .dialog-container h2
20:13:10.811 INFO  manager.MyListener - The element with locator ---> By.cssSelector: .dialog-container h2was found
20:13:10.862 INFO  manager.MyListener - Start find element ---> By.xpath: //button[text()='Ok']
20:13:10.897 INFO  manager.MyListener - The element with locator ---> By.xpath: //button[text()='Ok']was found
20:13:10.898 INFO  manager.MyListener - Start find element ---> By.xpath: //button[text()='Ok']
20:13:10.927 INFO  manager.MyListener - The element with locator ---> By.xpath: //button[text()='Ok']was found
20:13:11.059 INFO  tests.TestBase - Starts test --->public void tests.LoginTests.loginSuccess(models.User)
20:13:11.063 INFO  manager.MyListener - Start find element ---> By.xpath: //a[text() =' Logout ']
20:13:11.108 INFO  manager.MyListener - The element with locator ---> By.xpath: //a[text() =' Logout ']was found
20:13:11.110 INFO  manager.MyListener - Start find element ---> By.xpath: //a[text() =' Logout ']
20:13:11.283 INFO  manager.MyListener - The element with locator ---> By.xpath: //a[text() =' Logout ']was found
20:13:11.573 INFO  tests.TestBase - Test needs logout
20:13:11.575 INFO  manager.MyListener - Start find element ---> By.cssSelector: [href='/login?url=%2Fsearch']
20:13:11.598 INFO  manager.MyListener - The element with locator ---> By.cssSelector: [href='/login?url=%2Fsearch']was found
20:13:11.840 INFO  manager.MyListener - Start find element ---> By.cssSelector: #email
20:13:11.871 INFO  manager.MyListener - The element with locator ---> By.cssSelector: #emailwas found
20:13:12.228 INFO  manager.MyListener - Start find element ---> By.cssSelector: #password
20:13:12.253 INFO  manager.MyListener - The element with locator ---> By.cssSelector: #passwordwas found
20:13:12.728 INFO  manager.MyListener - Start find element ---> By.xpath: //button[@type='submit']
20:13:12.765 INFO  manager.MyListener - The element with locator ---> By.xpath: //button[@type='submit']was found
20:13:12.853 INFO  manager.MyListener - Start find element ---> By.xpath: //button[@type='submit']
20:13:12.892 INFO  manager.MyListener - The element with locator ---> By.xpath: //button[@type='submit']was found
20:13:14.055 INFO  manager.MyListener - Start find element ---> By.cssSelector: .dialog-container h2
20:13:14.097 INFO  manager.MyListener - The element with locator ---> By.cssSelector: .dialog-container h2was found
20:13:14.151 INFO  manager.MyListener - Start find element ---> By.cssSelector: .dialog-container h2
20:13:14.185 INFO  manager.MyListener - The element with locator ---> By.cssSelector: .dialog-container h2was found
20:13:14.232 INFO  manager.MyListener - Start find element ---> By.xpath: //button[text()='Ok']
20:13:14.263 INFO  manager.MyListener - The element with locator ---> By.xpath: //button[text()='Ok']was found
20:13:14.264 INFO  manager.MyListener - Start find element ---> By.xpath: //button[text()='Ok']
20:13:14.292 INFO  manager.MyListener - The element with locator ---> By.xpath: //button[text()='Ok']was found
