10:07:18.388 INFO  manager.ApplicationManager - All tests start in ChromeDriver
10:07:23.673 INFO  tests.TestBase - Starts test --->public void tests.AddNewCarTests.addNewCarSuccess()
10:07:23.685 INFO  manager.MyListener - Start find element ---> By.xpath: //a[text() =' Logout ']
10:07:33.765 INFO  manager.MyListener - The element with locator ---> By.xpath: //a[text() =' Logout ']was found
10:07:33.767 INFO  manager.MyListener - Start find element ---> By.cssSelector: [href='/login?url=%2Fsearch']
10:07:33.806 INFO  manager.MyListener - The element with locator ---> By.cssSelector: [href='/login?url=%2Fsearch']was found
10:07:33.921 INFO  manager.MyListener - Start find element ---> By.cssSelector: #email
10:07:33.948 INFO  manager.MyListener - The element with locator ---> By.cssSelector: #emailwas found
10:07:34.130 INFO  manager.MyListener - Start find element ---> By.cssSelector: #password
10:07:34.150 INFO  manager.MyListener - The element with locator ---> By.cssSelector: #passwordwas found
10:07:34.338 INFO  manager.MyListener - Start find element ---> By.xpath: //button[@type='submit']
10:07:34.365 INFO  manager.MyListener - The element with locator ---> By.xpath: //button[@type='submit']was found
10:07:34.471 INFO  manager.MyListener - Start find element ---> By.xpath: //button[@type='submit']
10:07:34.481 INFO  manager.MyListener - The element with locator ---> By.xpath: //button[@type='submit']was found
10:07:34.547 INFO  manager.MyListener - Start find element ---> By.xpath: //button[text()='Ok']
10:07:35.329 INFO  manager.MyListener - The element with locator ---> By.xpath: //button[text()='Ok']was found
10:07:35.330 INFO  manager.MyListener - Start find element ---> By.xpath: //button[text()='Ok']
10:07:35.396 INFO  manager.MyListener - The element with locator ---> By.xpath: //button[text()='Ok']was found
10:07:35.601 INFO  tests.TestBase - Test start with user ---> User{name='null', lastName='null', email='arielle@mail.ru', password='Arielle1234$', phone='null'}
10:07:36.633 INFO  manager.MyListener - Start find element ---> By.id: 1
10:07:36.682 INFO  manager.MyListener - The element with locator ---> By.id: 1was found
10:07:36.921 INFO  manager.MyListener - Start find element ---> By.id: pickUpPlace
10:07:36.942 INFO  manager.MyListener - The element with locator ---> By.id: pickUpPlacewas found
10:07:37.247 INFO  manager.MyListener - Start find element ---> By.cssSelector: .pac-item
10:07:37.664 INFO  manager.MyListener - The element with locator ---> By.cssSelector: .pac-itemwas found
10:07:38.316 INFO  manager.MyListener - Start find element ---> By.id: make
10:07:38.364 INFO  manager.MyListener - The element with locator ---> By.id: makewas found
10:07:38.826 INFO  manager.MyListener - Start find element ---> By.id: model
10:07:38.876 INFO  manager.MyListener - The element with locator ---> By.id: modelwas found
10:07:39.242 INFO  manager.MyListener - Start find element ---> By.id: year
10:07:39.294 INFO  manager.MyListener - The element with locator ---> By.id: yearwas found
10:07:39.709 INFO  manager.MyListener - Start find element ---> By.id: engine
10:07:39.750 INFO  manager.MyListener - The element with locator ---> By.id: enginewas found
10:07:40.172 INFO  manager.MyListener - Start find element ---> By.id: fuel
10:07:40.221 INFO  manager.MyListener - The element with locator ---> By.id: fuelwas found
10:07:40.277 INFO  manager.MyListener - Start find element ---> By.xpath: .//option[@value = "Petrol"]
10:07:40.322 INFO  manager.MyListener - The element with locator ---> By.xpath: .//option[@value = "Petrol"]was found
10:07:40.452 INFO  manager.MyListener - Start find element ---> By.id: gear
10:07:40.496 INFO  manager.MyListener - The element with locator ---> By.id: gearwas found
10:07:40.559 INFO  manager.MyListener - Start find element ---> By.xpath: .//option[@value = "MT"]
10:07:40.609 INFO  manager.MyListener - The element with locator ---> By.xpath: .//option[@value = "MT"]was found
10:07:40.742 INFO  manager.MyListener - Start find element ---> By.id: wheelsDrive
10:07:40.796 INFO  manager.MyListener - The element with locator ---> By.id: wheelsDrivewas found
10:07:40.851 INFO  manager.MyListener - Start find element ---> By.xpath: .//option[@value = "AWD"]
10:07:40.901 INFO  manager.MyListener - The element with locator ---> By.xpath: .//option[@value = "AWD"]was found
10:07:41.033 INFO  manager.MyListener - Start find element ---> By.id: doors
10:07:41.082 INFO  manager.MyListener - The element with locator ---> By.id: doorswas found
10:07:41.543 INFO  manager.MyListener - Start find element ---> By.id: seats
10:07:41.590 INFO  manager.MyListener - The element with locator ---> By.id: seatswas found
10:07:42.037 INFO  manager.MyListener - Start find element ---> By.id: class
10:07:42.086 INFO  manager.MyListener - The element with locator ---> By.id: classwas found
10:07:42.488 INFO  manager.MyListener - Start find element ---> By.id: fuelConsumption
10:07:42.526 INFO  manager.MyListener - The element with locator ---> By.id: fuelConsumptionwas found
10:07:42.885 INFO  manager.MyListener - Start find element ---> By.id: serialNumber
10:07:42.941 INFO  manager.MyListener - The element with locator ---> By.id: serialNumberwas found
10:07:43.450 INFO  manager.MyListener - Start find element ---> By.id: price
10:07:43.494 INFO  manager.MyListener - The element with locator ---> By.id: pricewas found
10:07:43.947 INFO  manager.MyListener - Start find element ---> By.id: distance
10:07:43.991 INFO  manager.MyListener - The element with locator ---> By.id: distancewas found
10:07:44.457 INFO  manager.MyListener - Start find element ---> By.cssSelector: .feature-input
10:07:44.505 INFO  manager.MyListener - The element with locator ---> By.cssSelector: .feature-inputwas found
10:07:44.890 INFO  manager.MyListener - Start find element ---> By.id: about
10:07:44.943 INFO  manager.MyListener - The element with locator ---> By.id: aboutwas found
10:07:45.311 INFO  manager.MyListener - Start find element ---> By.id: photos
10:07:45.339 INFO  manager.MyListener - The element with locator ---> By.id: photoswas found
10:07:45.415 INFO  manager.MyListener - Start find element ---> By.xpath: //button[@type='submit']
10:07:45.457 INFO  manager.MyListener - The element with locator ---> By.xpath: //button[@type='submit']was found
10:07:46.075 INFO  manager.MyListener - Start find element ---> By.xpath: //button[@type='submit']
10:07:46.112 INFO  manager.MyListener - The element with locator ---> By.xpath: //button[@type='submit']was found
10:07:46.713 INFO  manager.MyListener - Start find element ---> By.xpath: //button[@type='submit']
10:07:46.748 INFO  manager.MyListener - The element with locator ---> By.xpath: //button[@type='submit']was found
10:07:47.334 INFO  manager.MyListener - Start find element ---> By.xpath: //button[@type='submit']
10:07:47.371 INFO  manager.MyListener - The element with locator ---> By.xpath: //button[@type='submit']was found
10:07:47.446 INFO  manager.MyListener - Start find element ---> By.xpath: //button[@type='submit']
10:07:47.478 INFO  manager.MyListener - The element with locator ---> By.xpath: //button[@type='submit']was found
10:07:47.626 INFO  manager.MyListener - Start find element ---> By.cssSelector: div.dialog-container
10:07:49.435 INFO  manager.MyListener - The element with locator ---> By.cssSelector: div.dialog-containerwas found
10:07:49.543 INFO  manager.MyListener - Start find element ---> By.cssSelector: div.dialog-container h1
10:07:49.600 INFO  manager.MyListener - The element with locator ---> By.cssSelector: div.dialog-container h1was found
10:07:49.654 INFO  manager.MyListener - Start find element ---> By.xpath: //button[text()='Search cars']
10:07:49.700 INFO  manager.MyListener - The element with locator ---> By.xpath: //button[text()='Search cars']was found
10:07:49.863 INFO  tests.TestBase - Starts test --->public void tests.LoginTests.loginSuccess()
10:07:49.865 INFO  manager.MyListener - Start find element ---> By.xpath: //a[text() =' Logout ']
10:07:49.910 INFO  manager.MyListener - The element with locator ---> By.xpath: //a[text() =' Logout ']was found
10:07:49.912 INFO  manager.MyListener - Start find element ---> By.xpath: //a[text() =' Logout ']
10:07:50.031 INFO  manager.MyListener - The element with locator ---> By.xpath: //a[text() =' Logout ']was found
10:07:50.140 INFO  tests.TestBase - Test needs logout
10:07:50.141 INFO  tests.TestBase - The test starts with data [arielle@mail.ru] & [Arielle1234$]
10:07:50.142 INFO  manager.MyListener - Start find element ---> By.cssSelector: [href='/login?url=%2Fsearch']
10:07:50.165 INFO  manager.MyListener - The element with locator ---> By.cssSelector: [href='/login?url=%2Fsearch']was found
10:07:50.299 INFO  manager.MyListener - Start find element ---> By.cssSelector: #email
10:07:50.317 INFO  manager.MyListener - The element with locator ---> By.cssSelector: #emailwas found
10:07:50.647 INFO  manager.MyListener - Start find element ---> By.cssSelector: #password
10:07:50.675 INFO  manager.MyListener - The element with locator ---> By.cssSelector: #passwordwas found
10:07:50.927 INFO  manager.MyListener - Start find element ---> By.xpath: //button[@type='submit']
10:07:50.966 INFO  manager.MyListener - The element with locator ---> By.xpath: //button[@type='submit']was found
10:07:51.052 INFO  manager.MyListener - Start find element ---> By.xpath: //button[@type='submit']
10:07:51.083 INFO  manager.MyListener - The element with locator ---> By.xpath: //button[@type='submit']was found
10:07:52.230 INFO  manager.MyListener - Start find element ---> By.cssSelector: .dialog-container h2
10:07:52.289 INFO  manager.MyListener - The element with locator ---> By.cssSelector: .dialog-container h2was found
10:07:52.340 INFO  manager.MyListener - Start find element ---> By.cssSelector: .dialog-container h2
10:07:52.375 INFO  manager.MyListener - The element with locator ---> By.cssSelector: .dialog-container h2was found
10:07:52.414 INFO  manager.MyListener - Start find element ---> By.xpath: //button[text()='Ok']
10:07:52.450 INFO  manager.MyListener - The element with locator ---> By.xpath: //button[text()='Ok']was found
10:07:52.451 INFO  manager.MyListener - Start find element ---> By.xpath: //button[text()='Ok']
10:07:52.481 INFO  manager.MyListener - The element with locator ---> By.xpath: //button[text()='Ok']was found
10:07:52.630 INFO  tests.TestBase - Starts test --->public void tests.LoginTests.loginSuccess(java.lang.String,java.lang.String)
10:07:52.632 INFO  manager.MyListener - Start find element ---> By.xpath: //a[text() =' Logout ']
10:07:52.783 INFO  manager.MyListener - The element with locator ---> By.xpath: //a[text() =' Logout ']was found
10:07:52.784 INFO  manager.MyListener - Start find element ---> By.xpath: //a[text() =' Logout ']
10:07:52.815 INFO  manager.MyListener - The element with locator ---> By.xpath: //a[text() =' Logout ']was found
10:07:53.064 INFO  tests.TestBase - Test needs logout
10:07:53.068 INFO  manager.MyListener - Start find element ---> By.cssSelector: [href='/login?url=%2Fsearch']
10:07:53.104 INFO  manager.MyListener - The element with locator ---> By.cssSelector: [href='/login?url=%2Fsearch']was found
10:07:53.273 INFO  manager.MyListener - Start find element ---> By.cssSelector: #email
10:07:53.303 INFO  manager.MyListener - The element with locator ---> By.cssSelector: #emailwas found
10:07:53.771 INFO  manager.MyListener - Start find element ---> By.cssSelector: #password
10:07:53.812 INFO  manager.MyListener - The element with locator ---> By.cssSelector: #passwordwas found
10:07:54.218 INFO  manager.MyListener - Start find element ---> By.xpath: //button[@type='submit']
10:07:54.259 INFO  manager.MyListener - The element with locator ---> By.xpath: //button[@type='submit']was found
10:07:54.342 INFO  manager.MyListener - Start find element ---> By.xpath: //button[@type='submit']
10:07:54.381 INFO  manager.MyListener - The element with locator ---> By.xpath: //button[@type='submit']was found
10:07:55.524 INFO  manager.MyListener - Start find element ---> By.cssSelector: .dialog-container h2
10:07:55.565 INFO  manager.MyListener - The element with locator ---> By.cssSelector: .dialog-container h2was found
10:07:55.626 INFO  manager.MyListener - Start find element ---> By.cssSelector: .dialog-container h2
10:07:55.660 INFO  manager.MyListener - The element with locator ---> By.cssSelector: .dialog-container h2was found
10:07:55.713 INFO  manager.MyListener - Start find element ---> By.xpath: //button[text()='Ok']
10:07:55.749 INFO  manager.MyListener - The element with locator ---> By.xpath: //button[text()='Ok']was found
10:07:55.750 INFO  manager.MyListener - Start find element ---> By.xpath: //button[text()='Ok']
10:07:55.776 INFO  manager.MyListener - The element with locator ---> By.xpath: //button[text()='Ok']was found
10:07:55.889 INFO  tests.TestBase - Starts test --->public void tests.LoginTests.loginSuccess(java.lang.String,java.lang.String)
10:07:55.891 INFO  manager.MyListener - Start find element ---> By.xpath: //a[text() =' Logout ']
10:07:55.931 INFO  manager.MyListener - The element with locator ---> By.xpath: //a[text() =' Logout ']was found
10:07:55.932 INFO  manager.MyListener - Start find element ---> By.xpath: //a[text() =' Logout ']
10:07:56.064 INFO  manager.MyListener - The element with locator ---> By.xpath: //a[text() =' Logout ']was found
10:07:56.312 INFO  tests.TestBase - Test needs logout
10:07:56.314 INFO  manager.MyListener - Start find element ---> By.cssSelector: [href='/login?url=%2Fsearch']
10:07:56.343 INFO  manager.MyListener - The element with locator ---> By.cssSelector: [href='/login?url=%2Fsearch']was found
10:07:56.544 INFO  manager.MyListener - Start find element ---> By.cssSelector: #email
10:07:56.577 INFO  manager.MyListener - The element with locator ---> By.cssSelector: #emailwas found
10:07:57.025 INFO  manager.MyListener - Start find element ---> By.cssSelector: #password
10:07:57.068 INFO  manager.MyListener - The element with locator ---> By.cssSelector: #passwordwas found
10:07:57.435 INFO  manager.MyListener - Start find element ---> By.xpath: //button[@type='submit']
10:07:57.478 INFO  manager.MyListener - The element with locator ---> By.xpath: //button[@type='submit']was found
10:07:57.567 INFO  manager.MyListener - Start find element ---> By.xpath: //button[@type='submit']
10:07:57.603 INFO  manager.MyListener - The element with locator ---> By.xpath: //button[@type='submit']was found
10:07:58.743 INFO  manager.MyListener - Start find element ---> By.cssSelector: .dialog-container h2
10:07:58.783 INFO  manager.MyListener - The element with locator ---> By.cssSelector: .dialog-container h2was found
10:07:58.836 INFO  manager.MyListener - Start find element ---> By.cssSelector: .dialog-container h2
10:07:58.872 INFO  manager.MyListener - The element with locator ---> By.cssSelector: .dialog-container h2was found
10:07:58.917 INFO  manager.MyListener - Start find element ---> By.xpath: //button[text()='Ok']
10:07:58.953 INFO  manager.MyListener - The element with locator ---> By.xpath: //button[text()='Ok']was found
10:07:58.953 INFO  manager.MyListener - Start find element ---> By.xpath: //button[text()='Ok']
10:07:58.991 INFO  manager.MyListener - The element with locator ---> By.xpath: //button[text()='Ok']was found
10:07:59.122 INFO  tests.TestBase - Starts test --->public void tests.LoginTests.loginSuccess(java.lang.String,java.lang.String)
10:07:59.125 INFO  manager.MyListener - Start find element ---> By.xpath: //a[text() =' Logout ']
10:07:59.163 INFO  manager.MyListener - The element with locator ---> By.xpath: //a[text() =' Logout ']was found
10:07:59.164 INFO  manager.MyListener - Start find element ---> By.xpath: //a[text() =' Logout ']
10:07:59.298 INFO  manager.MyListener - The element with locator ---> By.xpath: //a[text() =' Logout ']was found
10:07:59.564 INFO  tests.TestBase - Test needs logout
10:07:59.566 INFO  manager.MyListener - Start find element ---> By.cssSelector: [href='/login?url=%2Fsearch']
10:07:59.608 INFO  manager.MyListener - The element with locator ---> By.cssSelector: [href='/login?url=%2Fsearch']was found
10:07:59.807 INFO  manager.MyListener - Start find element ---> By.cssSelector: #email
10:07:59.843 INFO  manager.MyListener - The element with locator ---> By.cssSelector: #emailwas found
10:08:00.264 INFO  manager.MyListener - Start find element ---> By.cssSelector: #password
10:08:00.296 INFO  manager.MyListener - The element with locator ---> By.cssSelector: #passwordwas found
10:08:00.760 INFO  manager.MyListener - Start find element ---> By.xpath: //button[@type='submit']
10:08:00.801 INFO  manager.MyListener - The element with locator ---> By.xpath: //button[@type='submit']was found
10:08:00.881 INFO  manager.MyListener - Start find element ---> By.xpath: //button[@type='submit']
10:08:00.922 INFO  manager.MyListener - The element with locator ---> By.xpath: //button[@type='submit']was found
10:08:02.061 INFO  manager.MyListener - Start find element ---> By.cssSelector: .dialog-container h2
10:08:02.101 INFO  manager.MyListener - The element with locator ---> By.cssSelector: .dialog-container h2was found
10:08:02.170 INFO  manager.MyListener - Start find element ---> By.cssSelector: .dialog-container h2
10:08:02.206 INFO  manager.MyListener - The element with locator ---> By.cssSelector: .dialog-container h2was found
10:08:02.249 INFO  manager.MyListener - Start find element ---> By.xpath: //button[text()='Ok']
10:08:02.281 INFO  manager.MyListener - The element with locator ---> By.xpath: //button[text()='Ok']was found
10:08:02.281 INFO  manager.MyListener - Start find element ---> By.xpath: //button[text()='Ok']
10:08:02.314 INFO  manager.MyListener - The element with locator ---> By.xpath: //button[text()='Ok']was found
10:08:02.429 INFO  tests.TestBase - Starts test --->public void tests.LoginTests.loginSuccess(java.lang.String,java.lang.String)
10:08:02.432 INFO  manager.MyListener - Start find element ---> By.xpath: //a[text() =' Logout ']
10:08:02.474 INFO  manager.MyListener - The element with locator ---> By.xpath: //a[text() =' Logout ']was found
10:08:02.475 INFO  manager.MyListener - Start find element ---> By.xpath: //a[text() =' Logout ']
10:08:02.501 INFO  manager.MyListener - The element with locator ---> By.xpath: //a[text() =' Logout ']was found
10:08:02.811 INFO  tests.TestBase - Test needs logout
10:08:02.812 INFO  manager.MyListener - Start find element ---> By.cssSelector: [href='/login?url=%2Fsearch']
10:08:02.847 INFO  manager.MyListener - The element with locator ---> By.cssSelector: [href='/login?url=%2Fsearch']was found
10:08:03.022 INFO  manager.MyListener - Start find element ---> By.cssSelector: #email
10:08:03.058 INFO  manager.MyListener - The element with locator ---> By.cssSelector: #emailwas found
10:08:03.524 INFO  manager.MyListener - Start find element ---> By.cssSelector: #password
10:08:03.554 INFO  manager.MyListener - The element with locator ---> By.cssSelector: #passwordwas found
10:08:03.925 INFO  manager.MyListener - Start find element ---> By.xpath: //button[@type='submit']
10:08:03.956 INFO  manager.MyListener - The element with locator ---> By.xpath: //button[@type='submit']was found
10:08:04.037 INFO  manager.MyListener - Start find element ---> By.xpath: //button[@type='submit']
10:08:04.077 INFO  manager.MyListener - The element with locator ---> By.xpath: //button[@type='submit']was found
10:08:05.225 INFO  manager.MyListener - Start find element ---> By.cssSelector: .dialog-container h2
10:08:05.270 INFO  manager.MyListener - The element with locator ---> By.cssSelector: .dialog-container h2was found
10:08:05.321 INFO  manager.MyListener - Start find element ---> By.cssSelector: .dialog-container h2
10:08:05.355 INFO  manager.MyListener - The element with locator ---> By.cssSelector: .dialog-container h2was found
10:08:05.399 INFO  manager.MyListener - Start find element ---> By.xpath: //button[text()='Ok']
10:08:05.434 INFO  manager.MyListener - The element with locator ---> By.xpath: //button[text()='Ok']was found
10:08:05.434 INFO  manager.MyListener - Start find element ---> By.xpath: //button[text()='Ok']
10:08:05.464 INFO  manager.MyListener - The element with locator ---> By.xpath: //button[text()='Ok']was found
10:08:05.588 INFO  tests.TestBase - Starts test --->public void tests.LoginTests.loginSuccess(models.User)
10:08:05.590 INFO  manager.MyListener - Start find element ---> By.xpath: //a[text() =' Logout ']
10:08:05.623 INFO  manager.MyListener - The element with locator ---> By.xpath: //a[text() =' Logout ']was found
10:08:05.625 INFO  manager.MyListener - Start find element ---> By.xpath: //a[text() =' Logout ']
10:08:05.650 INFO  manager.MyListener - The element with locator ---> By.xpath: //a[text() =' Logout ']was found
10:08:05.961 INFO  tests.TestBase - Test needs logout
10:08:05.964 INFO  manager.MyListener - Start find element ---> By.cssSelector: [href='/login?url=%2Fsearch']
10:08:06.000 INFO  manager.MyListener - The element with locator ---> By.cssSelector: [href='/login?url=%2Fsearch']was found
10:08:06.169 INFO  manager.MyListener - Start find element ---> By.cssSelector: #email
10:08:06.205 INFO  manager.MyListener - The element with locator ---> By.cssSelector: #emailwas found
10:08:06.678 INFO  manager.MyListener - Start find element ---> By.cssSelector: #password
10:08:06.708 INFO  manager.MyListener - The element with locator ---> By.cssSelector: #passwordwas found
10:08:07.201 INFO  manager.MyListener - Start find element ---> By.xpath: //button[@type='submit']
10:08:07.229 INFO  manager.MyListener - The element with locator ---> By.xpath: //button[@type='submit']was found
10:08:07.312 INFO  manager.MyListener - Start find element ---> By.xpath: //button[@type='submit']
10:08:07.354 INFO  manager.MyListener - The element with locator ---> By.xpath: //button[@type='submit']was found
10:08:08.499 INFO  manager.MyListener - Start find element ---> By.cssSelector: .dialog-container h2
10:08:08.543 INFO  manager.MyListener - The element with locator ---> By.cssSelector: .dialog-container h2was found
10:08:08.594 INFO  manager.MyListener - Start find element ---> By.cssSelector: .dialog-container h2
10:08:08.629 INFO  manager.MyListener - The element with locator ---> By.cssSelector: .dialog-container h2was found
10:08:08.675 INFO  manager.MyListener - Start find element ---> By.xpath: //button[text()='Ok']
10:08:08.727 INFO  manager.MyListener - The element with locator ---> By.xpath: //button[text()='Ok']was found
10:08:08.728 INFO  manager.MyListener - Start find element ---> By.xpath: //button[text()='Ok']
10:08:08.751 INFO  manager.MyListener - The element with locator ---> By.xpath: //button[text()='Ok']was found
10:08:08.864 INFO  tests.TestBase - Starts test --->public void tests.LoginTests.loginSuccess(models.User)
10:08:08.866 INFO  manager.MyListener - Start find element ---> By.xpath: //a[text() =' Logout ']
10:08:08.913 INFO  manager.MyListener - The element with locator ---> By.xpath: //a[text() =' Logout ']was found
10:08:08.914 INFO  manager.MyListener - Start find element ---> By.xpath: //a[text() =' Logout ']
10:08:09.030 INFO  manager.MyListener - The element with locator ---> By.xpath: //a[text() =' Logout ']was found
10:08:09.260 INFO  tests.TestBase - Test needs logout
10:08:09.263 INFO  manager.MyListener - Start find element ---> By.cssSelector: [href='/login?url=%2Fsearch']
10:08:09.300 INFO  manager.MyListener - The element with locator ---> By.cssSelector: [href='/login?url=%2Fsearch']was found
10:08:09.489 INFO  manager.MyListener - Start find element ---> By.cssSelector: #email
10:08:09.527 INFO  manager.MyListener - The element with locator ---> By.cssSelector: #emailwas found
10:08:09.990 INFO  manager.MyListener - Start find element ---> By.cssSelector: #password
10:08:10.023 INFO  manager.MyListener - The element with locator ---> By.cssSelector: #passwordwas found
10:08:10.466 INFO  manager.MyListener - Start find element ---> By.xpath: //button[@type='submit']
10:08:10.503 INFO  manager.MyListener - The element with locator ---> By.xpath: //button[@type='submit']was found
10:08:10.599 INFO  manager.MyListener - Start find element ---> By.xpath: //button[@type='submit']
10:08:10.626 INFO  manager.MyListener - The element with locator ---> By.xpath: //button[@type='submit']was found
10:08:11.774 INFO  manager.MyListener - Start find element ---> By.cssSelector: .dialog-container h2
10:08:11.825 INFO  manager.MyListener - The element with locator ---> By.cssSelector: .dialog-container h2was found
10:08:11.921 INFO  manager.MyListener - Start find element ---> By.cssSelector: .dialog-container h2
10:08:11.958 INFO  manager.MyListener - The element with locator ---> By.cssSelector: .dialog-container h2was found
10:08:12.006 INFO  manager.MyListener - Start find element ---> By.xpath: //button[text()='Ok']
10:08:12.044 INFO  manager.MyListener - The element with locator ---> By.xpath: //button[text()='Ok']was found
10:08:12.045 INFO  manager.MyListener - Start find element ---> By.xpath: //button[text()='Ok']
10:08:12.076 INFO  manager.MyListener - The element with locator ---> By.xpath: //button[text()='Ok']was found
10:08:12.195 INFO  tests.TestBase - Starts test --->public void tests.LoginTests.loginSuccess(models.User)
10:08:12.198 INFO  manager.MyListener - Start find element ---> By.xpath: //a[text() =' Logout ']
10:08:12.234 INFO  manager.MyListener - The element with locator ---> By.xpath: //a[text() =' Logout ']was found
10:08:12.235 INFO  manager.MyListener - Start find element ---> By.xpath: //a[text() =' Logout ']
10:08:12.263 INFO  manager.MyListener - The element with locator ---> By.xpath: //a[text() =' Logout ']was found
10:08:12.594 INFO  tests.TestBase - Test needs logout
10:08:12.596 INFO  manager.MyListener - Start find element ---> By.cssSelector: [href='/login?url=%2Fsearch']
10:08:12.634 INFO  manager.MyListener - The element with locator ---> By.cssSelector: [href='/login?url=%2Fsearch']was found
10:08:12.827 INFO  manager.MyListener - Start find element ---> By.cssSelector: #email
10:08:12.869 INFO  manager.MyListener - The element with locator ---> By.cssSelector: #emailwas found
10:08:13.328 INFO  manager.MyListener - Start find element ---> By.cssSelector: #password
10:08:13.357 INFO  manager.MyListener - The element with locator ---> By.cssSelector: #passwordwas found
10:08:13.657 INFO  manager.MyListener - Start find element ---> By.xpath: //button[@type='submit']
10:08:13.693 INFO  manager.MyListener - The element with locator ---> By.xpath: //button[@type='submit']was found
10:08:13.766 INFO  manager.MyListener - Start find element ---> By.xpath: //button[@type='submit']
10:08:13.802 INFO  manager.MyListener - The element with locator ---> By.xpath: //button[@type='submit']was found
10:08:14.951 INFO  manager.MyListener - Start find element ---> By.cssSelector: .dialog-container h2
10:08:14.994 INFO  manager.MyListener - The element with locator ---> By.cssSelector: .dialog-container h2was found
10:08:15.048 INFO  manager.MyListener - Start find element ---> By.cssSelector: .dialog-container h2
10:08:15.080 INFO  manager.MyListener - The element with locator ---> By.cssSelector: .dialog-container h2was found
10:08:15.125 INFO  manager.MyListener - Start find element ---> By.xpath: //button[text()='Ok']
10:08:15.155 INFO  manager.MyListener - The element with locator ---> By.xpath: //button[text()='Ok']was found
10:08:15.156 INFO  manager.MyListener - Start find element ---> By.xpath: //button[text()='Ok']
10:08:15.187 INFO  manager.MyListener - The element with locator ---> By.xpath: //button[text()='Ok']was found
10:08:15.301 INFO  tests.TestBase - Starts test --->public void tests.LoginTests.loginSuccess(models.User)
10:08:15.302 INFO  manager.MyListener - Start find element ---> By.xpath: //a[text() =' Logout ']
10:08:15.318 INFO  manager.MyListener - The element with locator ---> By.xpath: //a[text() =' Logout ']was found
10:08:15.318 INFO  manager.MyListener - Start find element ---> By.xpath: //a[text() =' Logout ']
10:08:15.332 INFO  manager.MyListener - The element with locator ---> By.xpath: //a[text() =' Logout ']was found
10:08:15.529 INFO  tests.TestBase - Test needs logout
10:08:15.530 INFO  manager.MyListener - Start find element ---> By.cssSelector: [href='/login?url=%2Fsearch']
10:08:15.551 INFO  manager.MyListener - The element with locator ---> By.cssSelector: [href='/login?url=%2Fsearch']was found
10:08:15.677 INFO  manager.MyListener - Start find element ---> By.cssSelector: #email
10:08:15.711 INFO  manager.MyListener - The element with locator ---> By.cssSelector: #emailwas found
10:08:15.989 INFO  manager.MyListener - Start find element ---> By.cssSelector: #password
10:08:16.016 INFO  manager.MyListener - The element with locator ---> By.cssSelector: #passwordwas found
10:08:16.280 INFO  manager.MyListener - Start find element ---> By.xpath: //button[@type='submit']
10:08:16.312 INFO  manager.MyListener - The element with locator ---> By.xpath: //button[@type='submit']was found
10:08:16.365 INFO  manager.MyListener - Start find element ---> By.xpath: //button[@type='submit']
10:08:16.392 INFO  manager.MyListener - The element with locator ---> By.xpath: //button[@type='submit']was found
10:08:17.495 INFO  manager.MyListener - Start find element ---> By.cssSelector: .dialog-container h2
10:08:17.536 INFO  manager.MyListener - The element with locator ---> By.cssSelector: .dialog-container h2was found
10:08:17.588 INFO  manager.MyListener - Start find element ---> By.cssSelector: .dialog-container h2
10:08:17.625 INFO  manager.MyListener - The element with locator ---> By.cssSelector: .dialog-container h2was found
10:08:17.675 INFO  manager.MyListener - Start find element ---> By.xpath: //button[text()='Ok']
10:08:17.702 INFO  manager.MyListener - The element with locator ---> By.xpath: //button[text()='Ok']was found
10:08:17.703 INFO  manager.MyListener - Start find element ---> By.xpath: //button[text()='Ok']
10:08:17.735 INFO  manager.MyListener - The element with locator ---> By.xpath: //button[text()='Ok']was found
10:08:17.857 INFO  tests.TestBase - Starts test --->public void tests.LoginTests.loginSuccessModel()
10:08:17.859 INFO  manager.MyListener - Start find element ---> By.xpath: //a[text() =' Logout ']
10:08:17.896 INFO  manager.MyListener - The element with locator ---> By.xpath: //a[text() =' Logout ']was found
10:08:17.897 INFO  manager.MyListener - Start find element ---> By.xpath: //a[text() =' Logout ']
10:08:18.052 INFO  manager.MyListener - The element with locator ---> By.xpath: //a[text() =' Logout ']was found
10:08:18.321 INFO  tests.TestBase - Test needs logout
10:08:18.323 INFO  manager.MyListener - Start find element ---> By.cssSelector: [href='/login?url=%2Fsearch']
10:08:18.349 INFO  manager.MyListener - The element with locator ---> By.cssSelector: [href='/login?url=%2Fsearch']was found
10:08:18.564 INFO  manager.MyListener - Start find element ---> By.cssSelector: #email
10:08:18.619 INFO  manager.MyListener - The element with locator ---> By.cssSelector: #emailwas found
10:08:18.961 INFO  manager.MyListener - Start find element ---> By.cssSelector: #password
10:08:18.980 INFO  manager.MyListener - The element with locator ---> By.cssSelector: #passwordwas found
10:08:19.241 INFO  manager.MyListener - Start find element ---> By.xpath: //button[@type='submit']
10:08:19.261 INFO  manager.MyListener - The element with locator ---> By.xpath: //button[@type='submit']was found
10:08:19.312 INFO  manager.MyListener - Start find element ---> By.xpath: //button[@type='submit']
10:08:19.335 INFO  manager.MyListener - The element with locator ---> By.xpath: //button[@type='submit']was found
10:08:20.502 INFO  manager.MyListener - Start find element ---> By.cssSelector: .dialog-container h2
10:08:20.542 INFO  manager.MyListener - The element with locator ---> By.cssSelector: .dialog-container h2was found
10:08:20.598 INFO  manager.MyListener - Start find element ---> By.cssSelector: .dialog-container h2
10:08:20.633 INFO  manager.MyListener - The element with locator ---> By.cssSelector: .dialog-container h2was found
10:08:20.676 INFO  manager.MyListener - Start find element ---> By.xpath: //button[text()='Ok']
10:08:20.711 INFO  manager.MyListener - The element with locator ---> By.xpath: //button[text()='Ok']was found
10:08:20.712 INFO  manager.MyListener - Start find element ---> By.xpath: //button[text()='Ok']
10:08:20.742 INFO  manager.MyListener - The element with locator ---> By.xpath: //button[text()='Ok']was found
10:08:20.869 INFO  tests.TestBase - Starts test --->public void tests.LoginTests.loginSuccessModel(models.User)
10:08:20.872 INFO  manager.MyListener - Start find element ---> By.xpath: //a[text() =' Logout ']
10:08:20.902 INFO  manager.MyListener - The element with locator ---> By.xpath: //a[text() =' Logout ']was found
10:08:20.902 INFO  manager.MyListener - Start find element ---> By.xpath: //a[text() =' Logout ']
10:08:20.931 INFO  manager.MyListener - The element with locator ---> By.xpath: //a[text() =' Logout ']was found
10:08:21.294 INFO  tests.TestBase - Test needs logout
10:08:21.297 INFO  manager.MyListener - Start find element ---> By.cssSelector: [href='/login?url=%2Fsearch']
10:08:21.329 INFO  manager.MyListener - The element with locator ---> By.cssSelector: [href='/login?url=%2Fsearch']was found
10:08:21.518 INFO  manager.MyListener - Start find element ---> By.cssSelector: #email
10:08:21.548 INFO  manager.MyListener - The element with locator ---> By.cssSelector: #emailwas found
10:08:21.999 INFO  manager.MyListener - Start find element ---> By.cssSelector: #password
10:08:22.029 INFO  manager.MyListener - The element with locator ---> By.cssSelector: #passwordwas found
10:08:22.341 INFO  manager.MyListener - Start find element ---> By.xpath: //button[@type='submit']
10:08:22.371 INFO  manager.MyListener - The element with locator ---> By.xpath: //button[@type='submit']was found
10:08:22.461 INFO  manager.MyListener - Start find element ---> By.xpath: //button[@type='submit']
10:08:22.491 INFO  manager.MyListener - The element with locator ---> By.xpath: //button[@type='submit']was found
10:08:23.616 INFO  manager.MyListener - Start find element ---> By.cssSelector: .dialog-container h2
10:08:23.658 INFO  manager.MyListener - The element with locator ---> By.cssSelector: .dialog-container h2was found
10:08:23.707 INFO  manager.MyListener - Start find element ---> By.cssSelector: .dialog-container h2
10:08:23.731 INFO  manager.MyListener - The element with locator ---> By.cssSelector: .dialog-container h2was found
10:08:23.777 INFO  manager.MyListener - Start find element ---> By.xpath: //button[text()='Ok']
10:08:23.899 INFO  manager.MyListener - The element with locator ---> By.xpath: //button[text()='Ok']was found
10:08:23.899 INFO  manager.MyListener - Start find element ---> By.xpath: //button[text()='Ok']
10:08:23.923 INFO  manager.MyListener - The element with locator ---> By.xpath: //button[text()='Ok']was found
10:08:24.016 INFO  tests.TestBase - Starts test --->public void tests.LoginTests.loginSuccessModel(models.User)
10:08:24.018 INFO  manager.MyListener - Start find element ---> By.xpath: //a[text() =' Logout ']
10:08:24.044 INFO  manager.MyListener - The element with locator ---> By.xpath: //a[text() =' Logout ']was found
10:08:24.045 INFO  manager.MyListener - Start find element ---> By.xpath: //a[text() =' Logout ']
10:08:24.067 INFO  manager.MyListener - The element with locator ---> By.xpath: //a[text() =' Logout ']was found
10:08:24.327 INFO  tests.TestBase - Test needs logout
10:08:24.328 INFO  manager.MyListener - Start find element ---> By.cssSelector: [href='/login?url=%2Fsearch']
10:08:24.359 INFO  manager.MyListener - The element with locator ---> By.cssSelector: [href='/login?url=%2Fsearch']was found
10:08:24.511 INFO  manager.MyListener - Start find element ---> By.cssSelector: #email
10:08:24.542 INFO  manager.MyListener - The element with locator ---> By.cssSelector: #emailwas found
10:08:25.081 INFO  manager.MyListener - Start find element ---> By.cssSelector: #password
10:08:25.099 INFO  manager.MyListener - The element with locator ---> By.cssSelector: #passwordwas found
10:08:25.489 INFO  manager.MyListener - Start find element ---> By.xpath: //button[@type='submit']
10:08:25.533 INFO  manager.MyListener - The element with locator ---> By.xpath: //button[@type='submit']was found
10:08:25.596 INFO  manager.MyListener - Start find element ---> By.xpath: //button[@type='submit']
10:08:25.616 INFO  manager.MyListener - The element with locator ---> By.xpath: //button[@type='submit']was found
10:08:26.691 INFO  manager.MyListener - Start find element ---> By.cssSelector: .dialog-container h2
10:08:26.730 INFO  manager.MyListener - The element with locator ---> By.cssSelector: .dialog-container h2was found
10:08:26.787 INFO  manager.MyListener - Start find element ---> By.cssSelector: .dialog-container h2
10:08:26.824 INFO  manager.MyListener - The element with locator ---> By.cssSelector: .dialog-container h2was found
10:08:26.870 INFO  manager.MyListener - Start find element ---> By.xpath: //button[text()='Ok']
10:08:26.898 INFO  manager.MyListener - The element with locator ---> By.xpath: //button[text()='Ok']was found
10:08:26.899 INFO  manager.MyListener - Start find element ---> By.xpath: //button[text()='Ok']
10:08:26.931 INFO  manager.MyListener - The element with locator ---> By.xpath: //button[text()='Ok']was found
10:08:27.055 INFO  tests.TestBase - Starts test --->public void tests.LoginTests.loginSuccessModel(models.User)
10:08:27.057 INFO  manager.MyListener - Start find element ---> By.xpath: //a[text() =' Logout ']
10:08:27.082 INFO  manager.MyListener - The element with locator ---> By.xpath: //a[text() =' Logout ']was found
10:08:27.084 INFO  manager.MyListener - Start find element ---> By.xpath: //a[text() =' Logout ']
10:08:27.112 INFO  manager.MyListener - The element with locator ---> By.xpath: //a[text() =' Logout ']was found
10:08:27.346 INFO  tests.TestBase - Test needs logout
10:08:27.348 INFO  manager.MyListener - Start find element ---> By.cssSelector: [href='/login?url=%2Fsearch']
10:08:27.377 INFO  manager.MyListener - The element with locator ---> By.cssSelector: [href='/login?url=%2Fsearch']was found
10:08:27.518 INFO  manager.MyListener - Start find element ---> By.cssSelector: #email
10:08:27.543 INFO  manager.MyListener - The element with locator ---> By.cssSelector: #emailwas found
10:08:28.091 INFO  manager.MyListener - Start find element ---> By.cssSelector: #password
10:08:28.125 INFO  manager.MyListener - The element with locator ---> By.cssSelector: #passwordwas found
10:08:28.536 INFO  manager.MyListener - Start find element ---> By.xpath: //button[@type='submit']
10:08:28.579 INFO  manager.MyListener - The element with locator ---> By.xpath: //button[@type='submit']was found
10:08:28.671 INFO  manager.MyListener - Start find element ---> By.xpath: //button[@type='submit']
10:08:28.696 INFO  manager.MyListener - The element with locator ---> By.xpath: //button[@type='submit']was found
10:08:29.837 INFO  manager.MyListener - Start find element ---> By.cssSelector: .dialog-container h2
10:08:29.874 INFO  manager.MyListener - The element with locator ---> By.cssSelector: .dialog-container h2was found
10:08:29.929 INFO  manager.MyListener - Start find element ---> By.cssSelector: .dialog-container h2
10:08:29.969 INFO  manager.MyListener - The element with locator ---> By.cssSelector: .dialog-container h2was found
10:08:30.020 INFO  manager.MyListener - Start find element ---> By.xpath: //button[text()='Ok']
10:08:30.049 INFO  manager.MyListener - The element with locator ---> By.xpath: //button[text()='Ok']was found
10:08:30.050 INFO  manager.MyListener - Start find element ---> By.xpath: //button[text()='Ok']
10:08:30.075 INFO  manager.MyListener - The element with locator ---> By.xpath: //button[text()='Ok']was found
10:08:30.185 INFO  tests.TestBase - Starts test --->public void tests.LoginTests.loginSuccessModel(models.User)
10:08:30.187 INFO  manager.MyListener - Start find element ---> By.xpath: //a[text() =' Logout ']
10:08:30.226 INFO  manager.MyListener - The element with locator ---> By.xpath: //a[text() =' Logout ']was found
10:08:30.227 INFO  manager.MyListener - Start find element ---> By.xpath: //a[text() =' Logout ']
10:08:30.352 INFO  manager.MyListener - The element with locator ---> By.xpath: //a[text() =' Logout ']was found
10:08:30.602 INFO  tests.TestBase - Test needs logout
10:08:30.603 INFO  manager.MyListener - Start find element ---> By.cssSelector: [href='/login?url=%2Fsearch']
10:08:30.634 INFO  manager.MyListener - The element with locator ---> By.cssSelector: [href='/login?url=%2Fsearch']was found
10:08:30.803 INFO  manager.MyListener - Start find element ---> By.cssSelector: #email
10:08:30.832 INFO  manager.MyListener - The element with locator ---> By.cssSelector: #emailwas found
10:08:31.292 INFO  manager.MyListener - Start find element ---> By.cssSelector: #password
10:08:31.330 INFO  manager.MyListener - The element with locator ---> By.cssSelector: #passwordwas found
10:08:31.770 INFO  manager.MyListener - Start find element ---> By.xpath: //button[@type='submit']
10:08:31.799 INFO  manager.MyListener - The element with locator ---> By.xpath: //button[@type='submit']was found
10:08:31.852 INFO  manager.MyListener - Start find element ---> By.xpath: //button[@type='submit']
10:08:31.874 INFO  manager.MyListener - The element with locator ---> By.xpath: //button[@type='submit']was found
10:08:32.992 INFO  manager.MyListener - Start find element ---> By.cssSelector: .dialog-container h2
10:08:33.031 INFO  manager.MyListener - The element with locator ---> By.cssSelector: .dialog-container h2was found
10:08:33.093 INFO  manager.MyListener - Start find element ---> By.cssSelector: .dialog-container h2
10:08:33.117 INFO  manager.MyListener - The element with locator ---> By.cssSelector: .dialog-container h2was found
10:08:33.161 INFO  manager.MyListener - Start find element ---> By.xpath: //button[text()='Ok']
10:08:33.198 INFO  manager.MyListener - The element with locator ---> By.xpath: //button[text()='Ok']was found
10:08:33.199 INFO  manager.MyListener - Start find element ---> By.xpath: //button[text()='Ok']
10:08:33.227 INFO  manager.MyListener - The element with locator ---> By.xpath: //button[text()='Ok']was found
10:08:33.347 INFO  tests.TestBase - Starts test --->public void tests.LoginTests.loginSuccessNew()
10:08:33.348 INFO  manager.MyListener - Start find element ---> By.xpath: //a[text() =' Logout ']
10:08:33.374 INFO  manager.MyListener - The element with locator ---> By.xpath: //a[text() =' Logout ']was found
10:08:33.375 INFO  manager.MyListener - Start find element ---> By.xpath: //a[text() =' Logout ']
10:08:33.401 INFO  manager.MyListener - The element with locator ---> By.xpath: //a[text() =' Logout ']was found
10:08:33.512 INFO  tests.TestBase - Test needs logout
10:08:33.513 INFO  manager.MyListener - Start find element ---> By.cssSelector: [href='/login?url=%2Fsearch']
10:08:33.525 INFO  manager.MyListener - The element with locator ---> By.cssSelector: [href='/login?url=%2Fsearch']was found
10:08:33.639 INFO  manager.MyListener - Start find element ---> By.cssSelector: #email
10:08:33.669 INFO  manager.MyListener - The element with locator ---> By.cssSelector: #emailwas found
10:08:34.181 INFO  manager.MyListener - Start find element ---> By.cssSelector: #password
10:08:34.217 INFO  manager.MyListener - The element with locator ---> By.cssSelector: #passwordwas found
10:08:34.613 INFO  manager.MyListener - Start find element ---> By.xpath: //button[@type='submit']
10:08:34.652 INFO  manager.MyListener - The element with locator ---> By.xpath: //button[@type='submit']was found
10:08:34.734 INFO  manager.MyListener - Start find element ---> By.xpath: //button[@type='submit']
10:08:34.765 INFO  manager.MyListener - The element with locator ---> By.xpath: //button[@type='submit']was found
10:08:35.903 INFO  manager.MyListener - Start find element ---> By.cssSelector: .dialog-container h2
10:08:35.942 INFO  manager.MyListener - The element with locator ---> By.cssSelector: .dialog-container h2was found
10:08:36.009 INFO  manager.MyListener - Start find element ---> By.cssSelector: .dialog-container h2
10:08:36.048 INFO  manager.MyListener - The element with locator ---> By.cssSelector: .dialog-container h2was found
10:08:36.099 INFO  manager.MyListener - Start find element ---> By.xpath: //button[text()='Ok']
10:08:36.124 INFO  manager.MyListener - The element with locator ---> By.xpath: //button[text()='Ok']was found
10:08:36.124 INFO  manager.MyListener - Start find element ---> By.xpath: //button[text()='Ok']
10:08:36.157 INFO  manager.MyListener - The element with locator ---> By.xpath: //button[text()='Ok']was found
10:08:36.270 INFO  tests.TestBase - Starts test --->public void tests.RegistrationTests.regSuccess()
10:08:36.272 INFO  manager.MyListener - Start find element ---> By.xpath: //a[text() =' Logout ']
10:08:36.287 INFO  manager.MyListener - The element with locator ---> By.xpath: //a[text() =' Logout ']was found
10:08:36.287 INFO  manager.MyListener - Start find element ---> By.xpath: //a[text() =' Logout ']
10:08:36.329 INFO  manager.MyListener - The element with locator ---> By.xpath: //a[text() =' Logout ']was found
10:08:36.728 INFO  manager.MyListener - Start find element ---> By.cssSelector: [href='/registration?url=%2Fsearch']
10:08:36.783 INFO  manager.MyListener - The element with locator ---> By.cssSelector: [href='/registration?url=%2Fsearch']was found
10:08:36.989 INFO  manager.MyListener - Start find element ---> By.cssSelector: #name
10:08:37.044 INFO  manager.MyListener - The element with locator ---> By.cssSelector: #namewas found
10:08:37.380 INFO  manager.MyListener - Start find element ---> By.cssSelector: #lastName
10:08:37.401 INFO  manager.MyListener - The element with locator ---> By.cssSelector: #lastNamewas found
10:08:37.634 INFO  manager.MyListener - Start find element ---> By.cssSelector: #email
10:08:37.654 INFO  manager.MyListener - The element with locator ---> By.cssSelector: #emailwas found
10:08:37.969 INFO  manager.MyListener - Start find element ---> By.cssSelector: #password
10:08:37.993 INFO  manager.MyListener - The element with locator ---> By.cssSelector: #passwordwas found
10:08:38.249 INFO  manager.MyListener - Start find element ---> By.cssSelector: label[for='terms-of-use']
10:08:38.279 INFO  manager.MyListener - The element with locator ---> By.cssSelector: label[for='terms-of-use']was found
10:08:38.753 INFO  manager.MyListener - Start find element ---> By.xpath: //button[@type='submit']
10:08:38.796 INFO  manager.MyListener - The element with locator ---> By.xpath: //button[@type='submit']was found
10:08:38.895 INFO  manager.MyListener - Start find element ---> By.xpath: //button[@type='submit']
10:08:38.932 INFO  manager.MyListener - The element with locator ---> By.xpath: //button[@type='submit']was found
10:08:39.080 INFO  manager.MyListener - Start find element ---> By.cssSelector: .dialog-container h2
10:08:39.815 INFO  manager.MyListener - The element with locator ---> By.cssSelector: .dialog-container h2was found
10:08:39.878 INFO  manager.MyListener - Start find element ---> By.cssSelector: .dialog-container h2
10:08:39.915 INFO  manager.MyListener - The element with locator ---> By.cssSelector: .dialog-container h2was found
10:08:39.980 INFO  manager.MyListener - Start find element ---> By.xpath: //button[text()='Ok']
10:08:40.028 INFO  manager.MyListener - The element with locator ---> By.xpath: //button[text()='Ok']was found
10:08:40.028 INFO  manager.MyListener - Start find element ---> By.xpath: //button[text()='Ok']
10:08:40.068 INFO  manager.MyListener - The element with locator ---> By.xpath: //button[text()='Ok']was found
10:08:40.197 INFO  tests.TestBase - Starts test --->public void tests.RegistrationTests.regSuccessModel()
10:08:40.198 INFO  manager.MyListener - Start find element ---> By.xpath: //a[text() =' Logout ']
10:08:40.235 INFO  manager.MyListener - The element with locator ---> By.xpath: //a[text() =' Logout ']was found
10:08:40.236 INFO  manager.MyListener - Start find element ---> By.xpath: //a[text() =' Logout ']
10:08:40.264 INFO  manager.MyListener - The element with locator ---> By.xpath: //a[text() =' Logout ']was found
10:08:40.594 INFO  manager.MyListener - Start find element ---> By.cssSelector: [href='/registration?url=%2Fsearch']
10:08:40.627 INFO  manager.MyListener - The element with locator ---> By.cssSelector: [href='/registration?url=%2Fsearch']was found
10:08:40.807 INFO  manager.MyListener - Start find element ---> By.cssSelector: #name
10:08:40.836 INFO  manager.MyListener - The element with locator ---> By.cssSelector: #namewas found
10:08:41.237 INFO  manager.MyListener - Start find element ---> By.cssSelector: #lastName
10:08:41.275 INFO  manager.MyListener - The element with locator ---> By.cssSelector: #lastNamewas found
10:08:41.504 INFO  manager.MyListener - Start find element ---> By.cssSelector: #email
10:08:41.521 INFO  manager.MyListener - The element with locator ---> By.cssSelector: #emailwas found
10:08:41.780 INFO  manager.MyListener - Start find element ---> By.cssSelector: #password
10:08:41.822 INFO  manager.MyListener - The element with locator ---> By.cssSelector: #passwordwas found
10:08:42.240 INFO  manager.MyListener - Start find element ---> By.cssSelector: label[for='terms-of-use']
10:08:42.279 INFO  manager.MyListener - The element with locator ---> By.cssSelector: label[for='terms-of-use']was found
10:08:42.719 INFO  manager.MyListener - Start find element ---> By.xpath: //button[@type='submit']
10:08:42.767 INFO  manager.MyListener - The element with locator ---> By.xpath: //button[@type='submit']was found
10:08:42.865 INFO  manager.MyListener - Start find element ---> By.xpath: //button[@type='submit']
10:08:42.898 INFO  manager.MyListener - The element with locator ---> By.xpath: //button[@type='submit']was found
10:08:43.026 INFO  manager.MyListener - Start find element ---> By.cssSelector: .dialog-container h2
10:08:43.829 INFO  manager.MyListener - The element with locator ---> By.cssSelector: .dialog-container h2was found
10:08:43.888 INFO  manager.MyListener - Start find element ---> By.cssSelector: .dialog-container h2
10:08:43.925 INFO  manager.MyListener - The element with locator ---> By.cssSelector: .dialog-container h2was found
10:08:43.982 INFO  manager.MyListener - Start find element ---> By.xpath: //button[text()='Ok']
10:08:44.016 INFO  manager.MyListener - The element with locator ---> By.xpath: //button[text()='Ok']was found
10:08:44.016 INFO  manager.MyListener - Start find element ---> By.xpath: //button[text()='Ok']
10:08:44.048 INFO  manager.MyListener - The element with locator ---> By.xpath: //button[text()='Ok']was found
10:08:44.174 INFO  tests.TestBase - Starts test --->public void tests.RegistrationTests.regWrongPasswordModel()
10:08:44.176 INFO  manager.MyListener - Start find element ---> By.xpath: //a[text() =' Logout ']
10:08:44.219 INFO  manager.MyListener - The element with locator ---> By.xpath: //a[text() =' Logout ']was found
10:08:44.219 INFO  manager.MyListener - Start find element ---> By.xpath: //a[text() =' Logout ']
10:08:44.245 INFO  manager.MyListener - The element with locator ---> By.xpath: //a[text() =' Logout ']was found
10:08:44.578 INFO  manager.MyListener - Start find element ---> By.cssSelector: [href='/registration?url=%2Fsearch']
10:08:44.614 INFO  manager.MyListener - The element with locator ---> By.cssSelector: [href='/registration?url=%2Fsearch']was found
10:08:44.790 INFO  manager.MyListener - Start find element ---> By.cssSelector: #name
10:08:44.817 INFO  manager.MyListener - The element with locator ---> By.cssSelector: #namewas found
10:08:45.250 INFO  manager.MyListener - Start find element ---> By.cssSelector: #lastName
10:08:45.283 INFO  manager.MyListener - The element with locator ---> By.cssSelector: #lastNamewas found
10:08:45.739 INFO  manager.MyListener - Start find element ---> By.cssSelector: #email
10:08:45.772 INFO  manager.MyListener - The element with locator ---> By.cssSelector: #emailwas found
10:08:46.245 INFO  manager.MyListener - Start find element ---> By.cssSelector: #password
10:08:46.269 INFO  manager.MyListener - The element with locator ---> By.cssSelector: #passwordwas found
10:08:46.653 INFO  manager.MyListener - Start find element ---> By.cssSelector: label[for='terms-of-use']
10:08:46.686 INFO  manager.MyListener - The element with locator ---> By.cssSelector: label[for='terms-of-use']was found
10:08:46.775 INFO  manager.MyListener - Start find element ---> By.cssSelector: div.error div:first-child
10:08:46.824 INFO  manager.MyListener - The element with locator ---> By.cssSelector: div.error div:first-childwas found
10:08:46.862 INFO  manager.MyListener - Start find element ---> By.cssSelector: div.error div:last-child
10:08:46.903 INFO  manager.MyListener - The element with locator ---> By.cssSelector: div.error div:last-childwas found
10:08:46.940 INFO  manager.MyListener - Start find element ---> By.cssSelector: [type='submit']
10:08:46.977 INFO  manager.MyListener - The element with locator ---> By.cssSelector: [type='submit']was found
10:08:47.002 INFO  manager.MyListener - Start find element ---> By.cssSelector: button[disabled]
10:08:47.039 INFO  manager.MyListener - The element with locator ---> By.cssSelector: button[disabled]was found
10:08:47.040 INFO  manager.MyListener - Start find element ---> By.xpath: //button[text()='Ok']
10:08:57.101 INFO  manager.MyListener - The element with locator ---> By.xpath: //button[text()='Ok']was found
10:08:57.104 INFO  tests.TestBase - Starts test --->public void tests.SearchTests.searchAnyPeriod()
10:08:57.105 INFO  manager.MyListener - Start find element ---> By.id: city
10:09:07.204 INFO  manager.MyListener - We have a 'throwable' ---> no such element: Unable to locate element: {"method":"css selector","selector":"#city"}
  (Session info: chrome=100.0.4896.127)
For documentation on this error, please visit: https://www.seleniumhq.org/exceptions/no_such_element.html
Build info: version: '3.141.59', revision: 'e82be7d358', time: '2018-11-14T08:17:03'
System info: host: 'LAPTOP-GGG0J1LT', ip: '10.0.0.5', os.name: 'Windows 10', os.arch: 'amd64', os.version: '10.0', java.version: '11.0.14'
Driver info: org.openqa.selenium.chrome.ChromeDriver
Capabilities {acceptInsecureCerts: false, browserName: chrome, browserVersion: 100.0.4896.127, chrome: {chromedriverVersion: 100.0.4896.60 (6a5d10861ce8..., userDataDir: C:\Users\keysy\AppData\Loca...}, goog:chromeOptions: {debuggerAddress: localhost:54916}, javascriptEnabled: true, networkConnectionEnabled: false, pageLoadStrategy: normal, platform: WINDOWS, platformName: WINDOWS, proxy: Proxy(), setWindowRect: true, strictFileInteractability: false, timeouts: {implicit: 0, pageLoad: 300000, script: 30000}, unhandledPromptBehavior: dismiss and notify, webauthn:extension:credBlob: true, webauthn:extension:largeBlob: true, webauthn:virtualAuthenticators: true}
Session ID: 5d41b10d03481ef22cca02bbf7b2c233
*** Element info: {Using=id, value=city}
10:09:07.206 INFO  manager.MyListener - We have a 'throwable' ---> org.openqa.selenium.NoSuchElementException: no such element: Unable to locate element: {"method":"css selector","selector":"#city"}
  (Session info: chrome=100.0.4896.127)
For documentation on this error, please visit: https://www.seleniumhq.org/exceptions/no_such_element.html
Build info: version: '3.141.59', revision: 'e82be7d358', time: '2018-11-14T08:17:03'
System info: host: 'LAPTOP-GGG0J1LT', ip: '10.0.0.5', os.name: 'Windows 10', os.arch: 'amd64', os.version: '10.0', java.version: '11.0.14'
Driver info: org.openqa.selenium.chrome.ChromeDriver
Capabilities {acceptInsecureCerts: false, browserName: chrome, browserVersion: 100.0.4896.127, chrome: {chromedriverVersion: 100.0.4896.60 (6a5d10861ce8..., userDataDir: C:\Users\keysy\AppData\Loca...}, goog:chromeOptions: {debuggerAddress: localhost:54916}, javascriptEnabled: true, networkConnectionEnabled: false, pageLoadStrategy: normal, platform: WINDOWS, platformName: WINDOWS, proxy: Proxy(), setWindowRect: true, strictFileInteractability: false, timeouts: {implicit: 0, pageLoad: 300000, script: 30000}, unhandledPromptBehavior: dismiss and notify, webauthn:extension:credBlob: true, webauthn:extension:largeBlob: true, webauthn:virtualAuthenticators: true}
Session ID: 5d41b10d03481ef22cca02bbf7b2c233
*** Element info: {Using=id, value=city}
10:09:09.216 INFO  manager.MyListener - Start find element ---> By.className: logo
10:09:09.260 INFO  manager.MyListener - The element with locator ---> By.className: logowas found
