20:27:45.124 INFO  manager.ApplicationManager - All tests start in ChromeDriver
20:27:51.469 INFO  tests.TestBase - Starts test --->public void tests.LoginTests.loginSuccess()
20:27:51.476 INFO  manager.MyListener - Start find element ---> By.xpath: //a[text() =' Logout ']
20:28:01.582 INFO  manager.MyListener - The element with locator ---> By.xpath: //a[text() =' Logout ']was found
20:28:01.587 INFO  tests.TestBase - The test starts with data [arielle@mail.ru] & [Arielle1234$]
20:28:01.588 INFO  manager.MyListener - Start find element ---> By.cssSelector: [href='/login?url=%2Fsearch']
20:28:01.640 INFO  manager.MyListener - The element with locator ---> By.cssSelector: [href='/login?url=%2Fsearch']was found
20:28:01.869 INFO  manager.MyListener - Start find element ---> By.cssSelector: #email
20:28:01.893 INFO  manager.MyListener - The element with locator ---> By.cssSelector: #emailwas found
20:28:02.294 INFO  manager.MyListener - Start find element ---> By.cssSelector: #password
20:28:02.323 INFO  manager.MyListener - The element with locator ---> By.cssSelector: #passwordwas found
20:28:02.620 INFO  manager.MyListener - Start find element ---> By.xpath: //button[@type='submit']
20:28:02.663 INFO  manager.MyListener - The element with locator ---> By.xpath: //button[@type='submit']was found
20:28:02.809 INFO  manager.MyListener - Start find element ---> By.xpath: //button[@type='submit']
20:28:02.842 INFO  manager.MyListener - The element with locator ---> By.xpath: //button[@type='submit']was found
20:28:03.959 INFO  manager.MyListener - Start find element ---> By.cssSelector: .dialog-container h2
20:28:04.006 INFO  manager.MyListener - The element with locator ---> By.cssSelector: .dialog-container h2was found
20:28:04.074 INFO  manager.MyListener - Start find element ---> By.cssSelector: .dialog-container h2
20:28:04.091 INFO  manager.MyListener - The element with locator ---> By.cssSelector: .dialog-container h2was found
20:28:04.119 INFO  manager.MyListener - Start find element ---> By.xpath: //button[text()='Ok']
20:28:04.143 INFO  manager.MyListener - The element with locator ---> By.xpath: //button[text()='Ok']was found
20:28:04.143 INFO  manager.MyListener - Start find element ---> By.xpath: //button[text()='Ok']
20:28:04.164 INFO  manager.MyListener - The element with locator ---> By.xpath: //button[text()='Ok']was found
20:28:04.282 INFO  tests.TestBase - Starts test --->public void tests.LoginTests.loginSuccess(java.lang.String,java.lang.String)
20:28:04.284 INFO  manager.MyListener - Start find element ---> By.xpath: //a[text() =' Logout ']
20:28:04.324 INFO  manager.MyListener - The element with locator ---> By.xpath: //a[text() =' Logout ']was found
20:28:04.325 INFO  manager.MyListener - Start find element ---> By.xpath: //a[text() =' Logout ']
20:28:04.482 INFO  manager.MyListener - The element with locator ---> By.xpath: //a[text() =' Logout ']was found
20:28:04.706 INFO  tests.TestBase - Test needs logout
20:28:04.709 INFO  manager.MyListener - Start find element ---> By.cssSelector: [href='/login?url=%2Fsearch']
20:28:04.738 INFO  manager.MyListener - The element with locator ---> By.cssSelector: [href='/login?url=%2Fsearch']was found
20:28:04.910 INFO  manager.MyListener - Start find element ---> By.cssSelector: #email
20:28:04.950 INFO  manager.MyListener - The element with locator ---> By.cssSelector: #emailwas found
20:28:05.325 INFO  manager.MyListener - Start find element ---> By.cssSelector: #password
20:28:05.342 INFO  manager.MyListener - The element with locator ---> By.cssSelector: #passwordwas found
20:28:05.776 INFO  manager.MyListener - Start find element ---> By.xpath: //button[@type='submit']
20:28:05.823 INFO  manager.MyListener - The element with locator ---> By.xpath: //button[@type='submit']was found
20:28:05.919 INFO  manager.MyListener - Start find element ---> By.xpath: //button[@type='submit']
20:28:05.954 INFO  manager.MyListener - The element with locator ---> By.xpath: //button[@type='submit']was found
20:28:07.097 INFO  manager.MyListener - Start find element ---> By.cssSelector: .dialog-container h2
20:28:07.137 INFO  manager.MyListener - The element with locator ---> By.cssSelector: .dialog-container h2was found
20:28:07.204 INFO  manager.MyListener - Start find element ---> By.cssSelector: .dialog-container h2
20:28:07.240 INFO  manager.MyListener - The element with locator ---> By.cssSelector: .dialog-container h2was found
20:28:07.286 INFO  manager.MyListener - Start find element ---> By.xpath: //button[text()='Ok']
20:28:07.320 INFO  manager.MyListener - The element with locator ---> By.xpath: //button[text()='Ok']was found
20:28:07.321 INFO  manager.MyListener - Start find element ---> By.xpath: //button[text()='Ok']
20:28:07.351 INFO  manager.MyListener - The element with locator ---> By.xpath: //button[text()='Ok']was found
20:28:07.487 INFO  tests.TestBase - Starts test --->public void tests.LoginTests.loginSuccess(java.lang.String,java.lang.String)
20:28:07.490 INFO  manager.MyListener - Start find element ---> By.xpath: //a[text() =' Logout ']
20:28:07.537 INFO  manager.MyListener - The element with locator ---> By.xpath: //a[text() =' Logout ']was found
20:28:07.538 INFO  manager.MyListener - Start find element ---> By.xpath: //a[text() =' Logout ']
20:28:07.608 INFO  manager.MyListener - The element with locator ---> By.xpath: //a[text() =' Logout ']was found
20:28:07.772 INFO  tests.TestBase - Test needs logout
20:28:07.773 INFO  manager.MyListener - Start find element ---> By.cssSelector: [href='/login?url=%2Fsearch']
20:28:07.827 INFO  manager.MyListener - The element with locator ---> By.cssSelector: [href='/login?url=%2Fsearch']was found
20:28:07.994 INFO  manager.MyListener - Start find element ---> By.cssSelector: #email
20:28:08.035 INFO  manager.MyListener - The element with locator ---> By.cssSelector: #emailwas found
20:28:08.557 INFO  manager.MyListener - Start find element ---> By.cssSelector: #password
20:28:08.593 INFO  manager.MyListener - The element with locator ---> By.cssSelector: #passwordwas found
20:28:09.036 INFO  manager.MyListener - Start find element ---> By.xpath: //button[@type='submit']
20:28:09.083 INFO  manager.MyListener - The element with locator ---> By.xpath: //button[@type='submit']was found
20:28:09.168 INFO  manager.MyListener - Start find element ---> By.xpath: //button[@type='submit']
20:28:09.202 INFO  manager.MyListener - The element with locator ---> By.xpath: //button[@type='submit']was found
20:28:10.349 INFO  manager.MyListener - Start find element ---> By.cssSelector: .dialog-container h2
20:28:10.386 INFO  manager.MyListener - The element with locator ---> By.cssSelector: .dialog-container h2was found
20:28:10.454 INFO  manager.MyListener - Start find element ---> By.cssSelector: .dialog-container h2
20:28:10.521 INFO  manager.MyListener - The element with locator ---> By.cssSelector: .dialog-container h2was found
20:28:10.542 INFO  manager.MyListener - Start find element ---> By.xpath: //button[text()='Ok']
20:28:10.557 INFO  manager.MyListener - The element with locator ---> By.xpath: //button[text()='Ok']was found
20:28:10.558 INFO  manager.MyListener - Start find element ---> By.xpath: //button[text()='Ok']
20:28:10.573 INFO  manager.MyListener - The element with locator ---> By.xpath: //button[text()='Ok']was found
20:28:10.616 INFO  tests.TestBase - Starts test --->public void tests.LoginTests.loginSuccess(java.lang.String,java.lang.String)
20:28:10.617 INFO  manager.MyListener - Start find element ---> By.xpath: //a[text() =' Logout ']
20:28:10.637 INFO  manager.MyListener - The element with locator ---> By.xpath: //a[text() =' Logout ']was found
20:28:10.638 INFO  manager.MyListener - Start find element ---> By.xpath: //a[text() =' Logout ']
20:28:10.652 INFO  manager.MyListener - The element with locator ---> By.xpath: //a[text() =' Logout ']was found
20:28:10.787 INFO  tests.TestBase - Test needs logout
20:28:10.788 INFO  manager.MyListener - Start find element ---> By.cssSelector: [href='/login?url=%2Fsearch']
20:28:10.808 INFO  manager.MyListener - The element with locator ---> By.cssSelector: [href='/login?url=%2Fsearch']was found
20:28:10.881 INFO  manager.MyListener - Start find element ---> By.cssSelector: #email
20:28:10.910 INFO  manager.MyListener - The element with locator ---> By.cssSelector: #emailwas found
20:28:11.317 INFO  manager.MyListener - Start find element ---> By.cssSelector: #password
20:28:11.376 INFO  manager.MyListener - The element with locator ---> By.cssSelector: #passwordwas found
20:28:11.800 INFO  manager.MyListener - Start find element ---> By.xpath: //button[@type='submit']
20:28:11.817 INFO  manager.MyListener - The element with locator ---> By.xpath: //button[@type='submit']was found
20:28:11.873 INFO  manager.MyListener - Start find element ---> By.xpath: //button[@type='submit']
20:28:11.895 INFO  manager.MyListener - The element with locator ---> By.xpath: //button[@type='submit']was found
20:28:13.007 INFO  manager.MyListener - Start find element ---> By.cssSelector: .dialog-container h2
20:28:13.047 INFO  manager.MyListener - The element with locator ---> By.cssSelector: .dialog-container h2was found
20:28:13.105 INFO  manager.MyListener - Start find element ---> By.cssSelector: .dialog-container h2
20:28:13.141 INFO  manager.MyListener - The element with locator ---> By.cssSelector: .dialog-container h2was found
20:28:13.188 INFO  manager.MyListener - Start find element ---> By.xpath: //button[text()='Ok']
20:28:13.216 INFO  manager.MyListener - The element with locator ---> By.xpath: //button[text()='Ok']was found
20:28:13.217 INFO  manager.MyListener - Start find element ---> By.xpath: //button[text()='Ok']
20:28:13.247 INFO  manager.MyListener - The element with locator ---> By.xpath: //button[text()='Ok']was found
20:28:13.373 INFO  tests.TestBase - Starts test --->public void tests.LoginTests.loginSuccess(java.lang.String,java.lang.String)
20:28:13.375 INFO  manager.MyListener - Start find element ---> By.xpath: //a[text() =' Logout ']
20:28:13.419 INFO  manager.MyListener - The element with locator ---> By.xpath: //a[text() =' Logout ']was found
20:28:13.420 INFO  manager.MyListener - Start find element ---> By.xpath: //a[text() =' Logout ']
20:28:13.448 INFO  manager.MyListener - The element with locator ---> By.xpath: //a[text() =' Logout ']was found
20:28:13.815 INFO  tests.TestBase - Test needs logout
20:28:13.817 INFO  manager.MyListener - Start find element ---> By.cssSelector: [href='/login?url=%2Fsearch']
20:28:13.844 INFO  manager.MyListener - The element with locator ---> By.cssSelector: [href='/login?url=%2Fsearch']was found
20:28:14.066 INFO  manager.MyListener - Start find element ---> By.cssSelector: #email
20:28:14.095 INFO  manager.MyListener - The element with locator ---> By.cssSelector: #emailwas found
20:28:14.607 INFO  manager.MyListener - Start find element ---> By.cssSelector: #password
20:28:14.624 INFO  manager.MyListener - The element with locator ---> By.cssSelector: #passwordwas found
20:28:14.895 INFO  manager.MyListener - Start find element ---> By.xpath: //button[@type='submit']
20:28:14.927 INFO  manager.MyListener - The element with locator ---> By.xpath: //button[@type='submit']was found
20:28:14.988 INFO  manager.MyListener - Start find element ---> By.xpath: //button[@type='submit']
20:28:15.021 INFO  manager.MyListener - The element with locator ---> By.xpath: //button[@type='submit']was found
20:28:16.124 INFO  manager.MyListener - Start find element ---> By.cssSelector: .dialog-container h2
20:28:16.164 INFO  manager.MyListener - The element with locator ---> By.cssSelector: .dialog-container h2was found
20:28:16.219 INFO  manager.MyListener - Start find element ---> By.cssSelector: .dialog-container h2
20:28:16.257 INFO  manager.MyListener - The element with locator ---> By.cssSelector: .dialog-container h2was found
20:28:16.310 INFO  manager.MyListener - Start find element ---> By.xpath: //button[text()='Ok']
20:28:16.348 INFO  manager.MyListener - The element with locator ---> By.xpath: //button[text()='Ok']was found
20:28:16.349 INFO  manager.MyListener - Start find element ---> By.xpath: //button[text()='Ok']
20:28:16.380 INFO  manager.MyListener - The element with locator ---> By.xpath: //button[text()='Ok']was found
20:28:16.532 INFO  tests.TestBase - Starts test --->public void tests.LoginTests.loginSuccess(models.User)
20:28:16.536 INFO  manager.MyListener - Start find element ---> By.xpath: //a[text() =' Logout ']
20:28:16.583 INFO  manager.MyListener - The element with locator ---> By.xpath: //a[text() =' Logout ']was found
20:28:16.584 INFO  manager.MyListener - Start find element ---> By.xpath: //a[text() =' Logout ']
20:28:16.702 INFO  manager.MyListener - The element with locator ---> By.xpath: //a[text() =' Logout ']was found
20:28:16.857 INFO  tests.TestBase - Test needs logout
20:28:16.903 INFO  manager.MyListener - Start find element ---> By.cssSelector: [href='/login?url=%2Fsearch']
20:28:16.930 INFO  manager.MyListener - The element with locator ---> By.cssSelector: [href='/login?url=%2Fsearch']was found
20:28:17.080 INFO  manager.MyListener - Start find element ---> By.cssSelector: #email
20:28:17.100 INFO  manager.MyListener - The element with locator ---> By.cssSelector: #emailwas found
20:28:17.625 INFO  manager.MyListener - Start find element ---> By.cssSelector: #password
20:28:17.674 INFO  manager.MyListener - The element with locator ---> By.cssSelector: #passwordwas found
20:28:18.150 INFO  manager.MyListener - Start find element ---> By.xpath: //button[@type='submit']
20:28:18.190 INFO  manager.MyListener - The element with locator ---> By.xpath: //button[@type='submit']was found
20:28:18.284 INFO  manager.MyListener - Start find element ---> By.xpath: //button[@type='submit']
20:28:18.324 INFO  manager.MyListener - The element with locator ---> By.xpath: //button[@type='submit']was found
20:28:19.472 INFO  manager.MyListener - Start find element ---> By.cssSelector: .dialog-container h2
20:28:19.526 INFO  manager.MyListener - The element with locator ---> By.cssSelector: .dialog-container h2was found
20:28:19.614 INFO  manager.MyListener - Start find element ---> By.cssSelector: .dialog-container h2
20:28:19.652 INFO  manager.MyListener - The element with locator ---> By.cssSelector: .dialog-container h2was found
20:28:19.725 INFO  manager.MyListener - Start find element ---> By.xpath: //button[text()='Ok']
20:28:19.749 INFO  manager.MyListener - The element with locator ---> By.xpath: //button[text()='Ok']was found
20:28:19.750 INFO  manager.MyListener - Start find element ---> By.xpath: //button[text()='Ok']
20:28:19.773 INFO  manager.MyListener - The element with locator ---> By.xpath: //button[text()='Ok']was found
20:28:19.823 INFO  tests.TestBase - Starts test --->public void tests.LoginTests.loginSuccess(models.User)
20:28:19.824 INFO  manager.MyListener - Start find element ---> By.xpath: //a[text() =' Logout ']
20:28:19.837 INFO  manager.MyListener - The element with locator ---> By.xpath: //a[text() =' Logout ']was found
20:28:19.837 INFO  manager.MyListener - Start find element ---> By.xpath: //a[text() =' Logout ']
20:28:19.851 INFO  manager.MyListener - The element with locator ---> By.xpath: //a[text() =' Logout ']was found
20:28:19.969 INFO  tests.TestBase - Test needs logout
20:28:19.970 INFO  manager.MyListener - Start find element ---> By.cssSelector: [href='/login?url=%2Fsearch']
20:28:19.991 INFO  manager.MyListener - The element with locator ---> By.cssSelector: [href='/login?url=%2Fsearch']was found
20:28:20.108 INFO  manager.MyListener - Start find element ---> By.cssSelector: #email
20:28:20.130 INFO  manager.MyListener - The element with locator ---> By.cssSelector: #emailwas found
20:28:20.428 INFO  manager.MyListener - Start find element ---> By.cssSelector: #password
20:28:20.460 INFO  manager.MyListener - The element with locator ---> By.cssSelector: #passwordwas found
20:28:20.892 INFO  manager.MyListener - Start find element ---> By.xpath: //button[@type='submit']
20:28:20.913 INFO  manager.MyListener - The element with locator ---> By.xpath: //button[@type='submit']was found
20:28:20.976 INFO  manager.MyListener - Start find element ---> By.xpath: //button[@type='submit']
20:28:21.025 INFO  manager.MyListener - The element with locator ---> By.xpath: //button[@type='submit']was found
20:28:22.166 INFO  manager.MyListener - Start find element ---> By.cssSelector: .dialog-container h2
20:28:22.215 INFO  manager.MyListener - The element with locator ---> By.cssSelector: .dialog-container h2was found
20:28:22.279 INFO  manager.MyListener - Start find element ---> By.cssSelector: .dialog-container h2
20:28:22.311 INFO  manager.MyListener - The element with locator ---> By.cssSelector: .dialog-container h2was found
20:28:22.352 INFO  manager.MyListener - Start find element ---> By.xpath: //button[text()='Ok']
20:28:22.391 INFO  manager.MyListener - The element with locator ---> By.xpath: //button[text()='Ok']was found
20:28:22.392 INFO  manager.MyListener - Start find element ---> By.xpath: //button[text()='Ok']
20:28:22.423 INFO  manager.MyListener - The element with locator ---> By.xpath: //button[text()='Ok']was found
20:28:22.549 INFO  tests.TestBase - Starts test --->public void tests.LoginTests.loginSuccess(models.User)
20:28:22.552 INFO  manager.MyListener - Start find element ---> By.xpath: //a[text() =' Logout ']
20:28:22.596 INFO  manager.MyListener - The element with locator ---> By.xpath: //a[text() =' Logout ']was found
20:28:22.596 INFO  manager.MyListener - Start find element ---> By.xpath: //a[text() =' Logout ']
20:28:22.782 INFO  manager.MyListener - The element with locator ---> By.xpath: //a[text() =' Logout ']was found
20:28:22.927 INFO  tests.TestBase - Test needs logout
20:28:22.928 INFO  manager.MyListener - Start find element ---> By.cssSelector: [href='/login?url=%2Fsearch']
20:28:22.993 INFO  manager.MyListener - The element with locator ---> By.cssSelector: [href='/login?url=%2Fsearch']was found
20:28:23.182 INFO  manager.MyListener - Start find element ---> By.cssSelector: #email
20:28:23.203 INFO  manager.MyListener - The element with locator ---> By.cssSelector: #emailwas found
20:28:23.551 INFO  manager.MyListener - Start find element ---> By.cssSelector: #password
20:28:23.919 INFO  manager.MyListener - The element with locator ---> By.cssSelector: #passwordwas found
20:28:24.202 INFO  manager.MyListener - Start find element ---> By.xpath: //button[@type='submit']
20:28:24.221 INFO  manager.MyListener - The element with locator ---> By.xpath: //button[@type='submit']was found
20:28:24.294 INFO  manager.MyListener - Start find element ---> By.xpath: //button[@type='submit']
20:28:24.313 INFO  manager.MyListener - The element with locator ---> By.xpath: //button[@type='submit']was found
20:28:25.392 INFO  manager.MyListener - Start find element ---> By.cssSelector: .dialog-container h2
20:28:25.421 INFO  manager.MyListener - The element with locator ---> By.cssSelector: .dialog-container h2was found
20:28:25.458 INFO  manager.MyListener - Start find element ---> By.cssSelector: .dialog-container h2
20:28:25.475 INFO  manager.MyListener - The element with locator ---> By.cssSelector: .dialog-container h2was found
20:28:25.490 INFO  manager.MyListener - Start find element ---> By.xpath: //button[text()='Ok']
20:28:25.509 INFO  manager.MyListener - The element with locator ---> By.xpath: //button[text()='Ok']was found
20:28:25.510 INFO  manager.MyListener - Start find element ---> By.xpath: //button[text()='Ok']
20:28:25.522 INFO  manager.MyListener - The element with locator ---> By.xpath: //button[text()='Ok']was found
20:28:25.566 INFO  tests.TestBase - Starts test --->public void tests.LoginTests.loginSuccess(models.User)
20:28:25.567 INFO  manager.MyListener - Start find element ---> By.xpath: //a[text() =' Logout ']
20:28:26.052 INFO  manager.MyListener - The element with locator ---> By.xpath: //a[text() =' Logout ']was found
20:28:26.053 INFO  manager.MyListener - Start find element ---> By.xpath: //a[text() =' Logout ']
20:28:26.074 INFO  manager.MyListener - The element with locator ---> By.xpath: //a[text() =' Logout ']was found
20:28:26.259 INFO  tests.TestBase - Test needs logout
20:28:26.260 INFO  manager.MyListener - Start find element ---> By.cssSelector: [href='/login?url=%2Fsearch']
20:28:26.289 INFO  manager.MyListener - The element with locator ---> By.cssSelector: [href='/login?url=%2Fsearch']was found
20:28:26.474 INFO  manager.MyListener - Start find element ---> By.cssSelector: #email
20:28:26.496 INFO  manager.MyListener - The element with locator ---> By.cssSelector: #emailwas found
20:28:26.666 INFO  manager.MyListener - Start find element ---> By.cssSelector: #password
20:28:26.687 INFO  manager.MyListener - The element with locator ---> By.cssSelector: #passwordwas found
20:28:26.829 INFO  manager.MyListener - Start find element ---> By.xpath: //button[@type='submit']
20:28:26.842 INFO  manager.MyListener - The element with locator ---> By.xpath: //button[@type='submit']was found
20:28:26.874 INFO  manager.MyListener - Start find element ---> By.xpath: //button[@type='submit']
20:28:26.910 INFO  manager.MyListener - The element with locator ---> By.xpath: //button[@type='submit']was found
20:28:28.091 INFO  manager.MyListener - Start find element ---> By.cssSelector: .dialog-container h2
20:28:28.131 INFO  manager.MyListener - The element with locator ---> By.cssSelector: .dialog-container h2was found
20:28:28.186 INFO  manager.MyListener - Start find element ---> By.cssSelector: .dialog-container h2
20:28:28.224 INFO  manager.MyListener - The element with locator ---> By.cssSelector: .dialog-container h2was found
20:28:28.276 INFO  manager.MyListener - Start find element ---> By.xpath: //button[text()='Ok']
20:28:28.321 INFO  manager.MyListener - The element with locator ---> By.xpath: //button[text()='Ok']was found
20:28:28.321 INFO  manager.MyListener - Start find element ---> By.xpath: //button[text()='Ok']
20:28:28.351 INFO  manager.MyListener - The element with locator ---> By.xpath: //button[text()='Ok']was found
