13:22:45.882 INFO  manager.ApplicationManager - All tests start in ChromeDriver
13:22:49.277 INFO  tests.TestBase - Starts test --->public void tests.LoginTests.loginSuccessModel()
13:22:49.290 INFO  manager.MyListener - Start find element ---> By.xpath: //a[text() =' Logout ']
13:22:59.390 INFO  manager.MyListener - The element with locator ---> By.xpath: //a[text() =' Logout ']was found
13:22:59.412 INFO  manager.MyListener - Start find element ---> By.cssSelector: [href='/login?url=%2Fsearch']
13:22:59.428 INFO  manager.MyListener - The element with locator ---> By.cssSelector: [href='/login?url=%2Fsearch']was found
13:22:59.528 INFO  manager.MyListener - Start find element ---> By.cssSelector: #email
13:22:59.548 INFO  manager.MyListener - The element with locator ---> By.cssSelector: #emailwas found
13:22:59.767 INFO  manager.MyListener - Start find element ---> By.cssSelector: #password
13:22:59.790 INFO  manager.MyListener - The element with locator ---> By.cssSelector: #passwordwas found
13:22:59.972 INFO  manager.MyListener - Start find element ---> By.xpath: //button[@type='submit']
13:22:59.990 INFO  manager.MyListener - The element with locator ---> By.xpath: //button[@type='submit']was found
13:23:00.053 INFO  manager.MyListener - Start find element ---> By.xpath: //button[@type='submit']
13:23:00.086 INFO  manager.MyListener - The element with locator ---> By.xpath: //button[@type='submit']was found
13:23:01.158 INFO  manager.MyListener - Start find element ---> By.cssSelector: .dialog-container
13:23:11.281 INFO  manager.MyListener - We have a 'throwable' ---> no such element: Unable to locate element: {"method":"css selector","selector":".dialog-container"}
  (Session info: chrome=100.0.4896.127)
For documentation on this error, please visit: https://www.seleniumhq.org/exceptions/no_such_element.html
Build info: version: '3.141.59', revision: 'e82be7d358', time: '2018-11-14T08:17:03'
System info: host: 'LAPTOP-GGG0J1LT', ip: '10.0.0.5', os.name: 'Windows 10', os.arch: 'amd64', os.version: '10.0', java.version: '11.0.14'
Driver info: org.openqa.selenium.chrome.ChromeDriver
Capabilities {acceptInsecureCerts: false, browserName: chrome, browserVersion: 100.0.4896.127, chrome: {chromedriverVersion: 100.0.4896.60 (6a5d10861ce8..., userDataDir: C:\Users\keysy\AppData\Loca...}, goog:chromeOptions: {debuggerAddress: localhost:62045}, javascriptEnabled: true, networkConnectionEnabled: false, pageLoadStrategy: normal, platform: WINDOWS, platformName: WINDOWS, proxy: Proxy(), setWindowRect: true, strictFileInteractability: false, timeouts: {implicit: 0, pageLoad: 300000, script: 30000}, unhandledPromptBehavior: dismiss and notify, webauthn:extension:credBlob: true, webauthn:extension:largeBlob: true, webauthn:virtualAuthenticators: true}
Session ID: 8b5f4bb8ecb9a619450904d04dddaffb
*** Element info: {Using=css selector, value=.dialog-container}
13:23:11.282 INFO  manager.MyListener - We have a 'throwable' ---> org.openqa.selenium.NoSuchElementException: no such element: Unable to locate element: {"method":"css selector","selector":".dialog-container"}
  (Session info: chrome=100.0.4896.127)
For documentation on this error, please visit: https://www.seleniumhq.org/exceptions/no_such_element.html
Build info: version: '3.141.59', revision: 'e82be7d358', time: '2018-11-14T08:17:03'
System info: host: 'LAPTOP-GGG0J1LT', ip: '10.0.0.5', os.name: 'Windows 10', os.arch: 'amd64', os.version: '10.0', java.version: '11.0.14'
Driver info: org.openqa.selenium.chrome.ChromeDriver
Capabilities {acceptInsecureCerts: false, browserName: chrome, browserVersion: 100.0.4896.127, chrome: {chromedriverVersion: 100.0.4896.60 (6a5d10861ce8..., userDataDir: C:\Users\keysy\AppData\Loca...}, goog:chromeOptions: {debuggerAddress: localhost:62045}, javascriptEnabled: true, networkConnectionEnabled: false, pageLoadStrategy: normal, platform: WINDOWS, platformName: WINDOWS, proxy: Proxy(), setWindowRect: true, strictFileInteractability: false, timeouts: {implicit: 0, pageLoad: 300000, script: 30000}, unhandledPromptBehavior: dismiss and notify, webauthn:extension:credBlob: true, webauthn:extension:largeBlob: true, webauthn:virtualAuthenticators: true}
Session ID: 8b5f4bb8ecb9a619450904d04dddaffb
*** Element info: {Using=css selector, value=.dialog-container}
13:23:11.288 INFO  manager.MyListener - Start find element ---> By.xpath: //button[text()='Ok']
13:23:14.636 INFO  manager.MyListener - The element with locator ---> By.xpath: //button[text()='Ok']was found
13:23:14.636 INFO  manager.MyListener - Start find element ---> By.xpath: //button[text()='Ok']
13:23:14.662 INFO  manager.MyListener - The element with locator ---> By.xpath: //button[text()='Ok']was found
