20:26:20.681 INFO  manager.ApplicationManager - All tests start in ChromeDriver
20:26:25.753 INFO  tests.TestBase - Starts test --->public void tests.LoginTests.loginSuccess()
20:26:25.762 INFO  manager.MyListener - Start find element ---> By.xpath: //a[text() =' Logout ']
20:26:35.819 INFO  manager.MyListener - The element with locator ---> By.xpath: //a[text() =' Logout ']was found
20:26:35.822 INFO  tests.TestBase - The test starts with data [arielle@mail.ru] & [Arielle1234$]
20:26:35.823 INFO  manager.MyListener - Start find element ---> By.cssSelector: [href='/login?url=%2Fsearch']
20:26:35.866 INFO  manager.MyListener - The element with locator ---> By.cssSelector: [href='/login?url=%2Fsearch']was found
20:26:35.989 INFO  manager.MyListener - Start find element ---> By.cssSelector: #email
20:26:36.011 INFO  manager.MyListener - The element with locator ---> By.cssSelector: #emailwas found
20:26:36.205 INFO  manager.MyListener - Start find element ---> By.cssSelector: #password
20:26:36.227 INFO  manager.MyListener - The element with locator ---> By.cssSelector: #passwordwas found
20:26:36.431 INFO  manager.MyListener - Start find element ---> By.xpath: //button[@type='submit']
20:26:36.452 INFO  manager.MyListener - The element with locator ---> By.xpath: //button[@type='submit']was found
20:26:36.528 INFO  manager.MyListener - Start find element ---> By.xpath: //button[@type='submit']
20:26:36.555 INFO  manager.MyListener - The element with locator ---> By.xpath: //button[@type='submit']was found
20:26:37.618 INFO  manager.MyListener - Start find element ---> By.cssSelector: .dialog-container h2
20:26:37.656 INFO  manager.MyListener - The element with locator ---> By.cssSelector: .dialog-container h2was found
20:26:37.720 INFO  manager.MyListener - Start find element ---> By.cssSelector: .dialog-container h2
20:26:37.754 INFO  manager.MyListener - The element with locator ---> By.cssSelector: .dialog-container h2was found
20:26:37.790 INFO  manager.MyListener - Start find element ---> By.xpath: //button[text()='Ok']
20:26:37.824 INFO  manager.MyListener - The element with locator ---> By.xpath: //button[text()='Ok']was found
20:26:37.825 INFO  manager.MyListener - Start find element ---> By.xpath: //button[text()='Ok']
20:26:37.857 INFO  manager.MyListener - The element with locator ---> By.xpath: //button[text()='Ok']was found
20:26:37.951 INFO  tests.TestBase - Starts test --->public void tests.LoginTests.loginSuccess(java.lang.String,java.lang.String)
20:26:37.952 INFO  manager.MyListener - Start find element ---> By.xpath: //a[text() =' Logout ']
20:26:37.973 INFO  manager.MyListener - The element with locator ---> By.xpath: //a[text() =' Logout ']was found
20:26:37.974 INFO  manager.MyListener - Start find element ---> By.xpath: //a[text() =' Logout ']
20:26:38.086 INFO  manager.MyListener - The element with locator ---> By.xpath: //a[text() =' Logout ']was found
20:26:38.244 INFO  tests.TestBase - Test needs logout
20:26:38.247 INFO  manager.MyListener - Start find element ---> By.cssSelector: [href='/login?url=%2Fsearch']
20:26:38.284 INFO  manager.MyListener - The element with locator ---> By.cssSelector: [href='/login?url=%2Fsearch']was found
20:26:38.411 INFO  manager.MyListener - Start find element ---> By.cssSelector: #email
20:26:38.425 INFO  manager.MyListener - The element with locator ---> By.cssSelector: #emailwas found
20:26:38.957 INFO  manager.MyListener - Start find element ---> By.cssSelector: #password
20:26:38.998 INFO  manager.MyListener - The element with locator ---> By.cssSelector: #passwordwas found
20:26:39.415 INFO  manager.MyListener - Start find element ---> By.xpath: //button[@type='submit']
20:26:39.450 INFO  manager.MyListener - The element with locator ---> By.xpath: //button[@type='submit']was found
20:26:39.546 INFO  manager.MyListener - Start find element ---> By.xpath: //button[@type='submit']
20:26:39.581 INFO  manager.MyListener - The element with locator ---> By.xpath: //button[@type='submit']was found
20:26:40.726 INFO  manager.MyListener - Start find element ---> By.cssSelector: .dialog-container h2
20:26:40.769 INFO  manager.MyListener - The element with locator ---> By.cssSelector: .dialog-container h2was found
20:26:40.837 INFO  manager.MyListener - Start find element ---> By.cssSelector: .dialog-container h2
20:26:40.870 INFO  manager.MyListener - The element with locator ---> By.cssSelector: .dialog-container h2was found
20:26:40.922 INFO  manager.MyListener - Start find element ---> By.xpath: //button[text()='Ok']
20:26:40.964 INFO  manager.MyListener - The element with locator ---> By.xpath: //button[text()='Ok']was found
20:26:40.966 INFO  manager.MyListener - Start find element ---> By.xpath: //button[text()='Ok']
20:26:40.995 INFO  manager.MyListener - The element with locator ---> By.xpath: //button[text()='Ok']was found
20:26:41.120 INFO  tests.TestBase - Starts test --->public void tests.LoginTests.loginSuccess(java.lang.String,java.lang.String)
20:26:41.126 INFO  manager.MyListener - Start find element ---> By.xpath: //a[text() =' Logout ']
20:26:41.169 INFO  manager.MyListener - The element with locator ---> By.xpath: //a[text() =' Logout ']was found
20:26:41.170 INFO  manager.MyListener - Start find element ---> By.xpath: //a[text() =' Logout ']
20:26:41.333 INFO  manager.MyListener - The element with locator ---> By.xpath: //a[text() =' Logout ']was found
20:26:41.594 INFO  tests.TestBase - Test needs logout
20:26:41.596 INFO  manager.MyListener - Start find element ---> By.cssSelector: [href='/login?url=%2Fsearch']
20:26:41.633 INFO  manager.MyListener - The element with locator ---> By.cssSelector: [href='/login?url=%2Fsearch']was found
20:26:41.854 INFO  manager.MyListener - Start find element ---> By.cssSelector: #email
20:26:41.894 INFO  manager.MyListener - The element with locator ---> By.cssSelector: #emailwas found
20:26:42.468 INFO  manager.MyListener - Start find element ---> By.cssSelector: #password
20:26:42.508 INFO  manager.MyListener - The element with locator ---> By.cssSelector: #passwordwas found
20:26:42.902 INFO  manager.MyListener - Start find element ---> By.xpath: //button[@type='submit']
20:26:42.946 INFO  manager.MyListener - The element with locator ---> By.xpath: //button[@type='submit']was found
20:26:43.047 INFO  manager.MyListener - Start find element ---> By.xpath: //button[@type='submit']
20:26:43.082 INFO  manager.MyListener - The element with locator ---> By.xpath: //button[@type='submit']was found
20:26:44.227 INFO  manager.MyListener - Start find element ---> By.cssSelector: .dialog-container h2
20:26:44.268 INFO  manager.MyListener - The element with locator ---> By.cssSelector: .dialog-container h2was found
20:26:44.355 INFO  manager.MyListener - Start find element ---> By.cssSelector: .dialog-container h2
20:26:44.442 INFO  manager.MyListener - The element with locator ---> By.cssSelector: .dialog-container h2was found
20:26:44.486 INFO  manager.MyListener - Start find element ---> By.xpath: //button[text()='Ok']
20:26:44.528 INFO  manager.MyListener - The element with locator ---> By.xpath: //button[text()='Ok']was found
20:26:44.529 INFO  manager.MyListener - Start find element ---> By.xpath: //button[text()='Ok']
20:26:44.559 INFO  manager.MyListener - The element with locator ---> By.xpath: //button[text()='Ok']was found
20:26:44.681 INFO  tests.TestBase - Starts test --->public void tests.LoginTests.loginSuccess(java.lang.String,java.lang.String)
20:26:44.685 INFO  manager.MyListener - Start find element ---> By.xpath: //a[text() =' Logout ']
20:26:44.726 INFO  manager.MyListener - The element with locator ---> By.xpath: //a[text() =' Logout ']was found
20:26:44.728 INFO  manager.MyListener - Start find element ---> By.xpath: //a[text() =' Logout ']
20:26:44.861 INFO  manager.MyListener - The element with locator ---> By.xpath: //a[text() =' Logout ']was found
20:26:45.138 INFO  tests.TestBase - Test needs logout
20:26:45.144 INFO  manager.MyListener - Start find element ---> By.cssSelector: [href='/login?url=%2Fsearch']
20:26:45.177 INFO  manager.MyListener - The element with locator ---> By.cssSelector: [href='/login?url=%2Fsearch']was found
20:26:45.408 INFO  manager.MyListener - Start find element ---> By.cssSelector: #email
20:26:45.444 INFO  manager.MyListener - The element with locator ---> By.cssSelector: #emailwas found
20:26:46.004 INFO  manager.MyListener - Start find element ---> By.cssSelector: #password
20:26:46.048 INFO  manager.MyListener - The element with locator ---> By.cssSelector: #passwordwas found
20:26:46.472 INFO  manager.MyListener - Start find element ---> By.xpath: //button[@type='submit']
20:26:46.509 INFO  manager.MyListener - The element with locator ---> By.xpath: //button[@type='submit']was found
20:26:46.615 INFO  manager.MyListener - Start find element ---> By.xpath: //button[@type='submit']
20:26:46.647 INFO  manager.MyListener - The element with locator ---> By.xpath: //button[@type='submit']was found
20:26:47.792 INFO  manager.MyListener - Start find element ---> By.cssSelector: .dialog-container h2
20:26:47.831 INFO  manager.MyListener - The element with locator ---> By.cssSelector: .dialog-container h2was found
20:26:47.886 INFO  manager.MyListener - Start find element ---> By.cssSelector: .dialog-container h2
20:26:47.922 INFO  manager.MyListener - The element with locator ---> By.cssSelector: .dialog-container h2was found
20:26:47.971 INFO  manager.MyListener - Start find element ---> By.xpath: //button[text()='Ok']
20:26:48.017 INFO  manager.MyListener - The element with locator ---> By.xpath: //button[text()='Ok']was found
20:26:48.018 INFO  manager.MyListener - Start find element ---> By.xpath: //button[text()='Ok']
20:26:48.046 INFO  manager.MyListener - The element with locator ---> By.xpath: //button[text()='Ok']was found
20:26:48.176 INFO  tests.TestBase - Starts test --->public void tests.LoginTests.loginSuccess(java.lang.String,java.lang.String)
20:26:48.178 INFO  manager.MyListener - Start find element ---> By.xpath: //a[text() =' Logout ']
20:26:48.218 INFO  manager.MyListener - The element with locator ---> By.xpath: //a[text() =' Logout ']was found
20:26:48.219 INFO  manager.MyListener - Start find element ---> By.xpath: //a[text() =' Logout ']
20:26:48.351 INFO  manager.MyListener - The element with locator ---> By.xpath: //a[text() =' Logout ']was found
20:26:48.603 INFO  tests.TestBase - Test needs logout
20:26:48.604 INFO  manager.MyListener - Start find element ---> By.cssSelector: [href='/login?url=%2Fsearch']
20:26:48.624 INFO  manager.MyListener - The element with locator ---> By.cssSelector: [href='/login?url=%2Fsearch']was found
20:26:48.721 INFO  manager.MyListener - Start find element ---> By.cssSelector: #email
20:26:48.753 INFO  manager.MyListener - The element with locator ---> By.cssSelector: #emailwas found
20:26:49.197 INFO  manager.MyListener - Start find element ---> By.cssSelector: #password
20:26:49.270 INFO  manager.MyListener - The element with locator ---> By.cssSelector: #passwordwas found
20:26:49.709 INFO  manager.MyListener - Start find element ---> By.xpath: //button[@type='submit']
20:26:49.748 INFO  manager.MyListener - The element with locator ---> By.xpath: //button[@type='submit']was found
20:26:49.829 INFO  manager.MyListener - Start find element ---> By.xpath: //button[@type='submit']
20:26:49.870 INFO  manager.MyListener - The element with locator ---> By.xpath: //button[@type='submit']was found
20:26:51.017 INFO  manager.MyListener - Start find element ---> By.cssSelector: .dialog-container h2
20:26:51.057 INFO  manager.MyListener - The element with locator ---> By.cssSelector: .dialog-container h2was found
20:26:51.110 INFO  manager.MyListener - Start find element ---> By.cssSelector: .dialog-container h2
20:26:51.149 INFO  manager.MyListener - The element with locator ---> By.cssSelector: .dialog-container h2was found
20:26:51.196 INFO  manager.MyListener - Start find element ---> By.xpath: //button[text()='Ok']
20:26:51.223 INFO  manager.MyListener - The element with locator ---> By.xpath: //button[text()='Ok']was found
20:26:51.225 INFO  manager.MyListener - Start find element ---> By.xpath: //button[text()='Ok']
20:26:51.255 INFO  manager.MyListener - The element with locator ---> By.xpath: //button[text()='Ok']was found
20:26:51.355 INFO  tests.TestBase - Starts test --->public void tests.LoginTests.loginSuccess(models.User)
20:26:51.357 INFO  manager.MyListener - Start find element ---> By.xpath: //a[text() =' Logout ']
20:26:51.396 INFO  manager.MyListener - The element with locator ---> By.xpath: //a[text() =' Logout ']was found
20:26:51.396 INFO  manager.MyListener - Start find element ---> By.xpath: //a[text() =' Logout ']
20:26:51.421 INFO  manager.MyListener - The element with locator ---> By.xpath: //a[text() =' Logout ']was found
20:26:51.844 INFO  tests.TestBase - Test needs logout
20:26:51.881 INFO  manager.MyListener - Start find element ---> By.cssSelector: [href='/login?url=%2Fsearch']
20:26:51.902 INFO  manager.MyListener - The element with locator ---> By.cssSelector: [href='/login?url=%2Fsearch']was found
20:26:52.039 INFO  manager.MyListener - Start find element ---> By.cssSelector: #email
20:26:52.084 INFO  manager.MyListener - The element with locator ---> By.cssSelector: #emailwas found
20:26:52.626 INFO  manager.MyListener - Start find element ---> By.cssSelector: #password
20:26:52.660 INFO  manager.MyListener - The element with locator ---> By.cssSelector: #passwordwas found
20:26:52.929 INFO  manager.MyListener - Start find element ---> By.xpath: //button[@type='submit']
20:26:52.960 INFO  manager.MyListener - The element with locator ---> By.xpath: //button[@type='submit']was found
20:26:53.019 INFO  manager.MyListener - Start find element ---> By.xpath: //button[@type='submit']
20:26:53.042 INFO  manager.MyListener - The element with locator ---> By.xpath: //button[@type='submit']was found
20:26:54.142 INFO  manager.MyListener - Start find element ---> By.cssSelector: .dialog-container h2
20:26:54.182 INFO  manager.MyListener - The element with locator ---> By.cssSelector: .dialog-container h2was found
20:26:54.236 INFO  manager.MyListener - Start find element ---> By.cssSelector: .dialog-container h2
20:26:54.275 INFO  manager.MyListener - The element with locator ---> By.cssSelector: .dialog-container h2was found
20:26:54.326 INFO  manager.MyListener - Start find element ---> By.xpath: //button[text()='Ok']
20:26:54.366 INFO  manager.MyListener - The element with locator ---> By.xpath: //button[text()='Ok']was found
20:26:54.367 INFO  manager.MyListener - Start find element ---> By.xpath: //button[text()='Ok']
20:26:54.399 INFO  manager.MyListener - The element with locator ---> By.xpath: //button[text()='Ok']was found
20:26:54.535 INFO  tests.TestBase - Starts test --->public void tests.LoginTests.loginSuccess(models.User)
20:26:54.537 INFO  manager.MyListener - Start find element ---> By.xpath: //a[text() =' Logout ']
20:26:54.569 INFO  manager.MyListener - The element with locator ---> By.xpath: //a[text() =' Logout ']was found
20:26:54.569 INFO  manager.MyListener - Start find element ---> By.xpath: //a[text() =' Logout ']
20:26:54.599 INFO  manager.MyListener - The element with locator ---> By.xpath: //a[text() =' Logout ']was found
20:26:54.978 INFO  tests.TestBase - Test needs logout
20:26:54.980 INFO  manager.MyListener - Start find element ---> By.cssSelector: [href='/login?url=%2Fsearch']
20:26:55.016 INFO  manager.MyListener - The element with locator ---> By.cssSelector: [href='/login?url=%2Fsearch']was found
20:26:55.228 INFO  manager.MyListener - Start find element ---> By.cssSelector: #email
20:26:55.266 INFO  manager.MyListener - The element with locator ---> By.cssSelector: #emailwas found
20:26:55.822 INFO  manager.MyListener - Start find element ---> By.cssSelector: #password
20:26:55.843 INFO  manager.MyListener - The element with locator ---> By.cssSelector: #passwordwas found
20:26:56.037 INFO  manager.MyListener - Start find element ---> By.xpath: //button[@type='submit']
20:26:56.063 INFO  manager.MyListener - The element with locator ---> By.xpath: //button[@type='submit']was found
20:26:56.119 INFO  manager.MyListener - Start find element ---> By.xpath: //button[@type='submit']
20:26:56.140 INFO  manager.MyListener - The element with locator ---> By.xpath: //button[@type='submit']was found
20:26:57.311 INFO  manager.MyListener - Start find element ---> By.cssSelector: .dialog-container h2
20:26:57.353 INFO  manager.MyListener - The element with locator ---> By.cssSelector: .dialog-container h2was found
20:26:57.421 INFO  manager.MyListener - Start find element ---> By.cssSelector: .dialog-container h2
20:26:57.456 INFO  manager.MyListener - The element with locator ---> By.cssSelector: .dialog-container h2was found
20:26:57.503 INFO  manager.MyListener - Start find element ---> By.xpath: //button[text()='Ok']
20:26:57.536 INFO  manager.MyListener - The element with locator ---> By.xpath: //button[text()='Ok']was found
20:26:57.537 INFO  manager.MyListener - Start find element ---> By.xpath: //button[text()='Ok']
20:26:57.569 INFO  manager.MyListener - The element with locator ---> By.xpath: //button[text()='Ok']was found
20:26:57.718 INFO  tests.TestBase - Starts test --->public void tests.LoginTests.loginSuccess(models.User)
20:26:57.719 INFO  manager.MyListener - Start find element ---> By.xpath: //a[text() =' Logout ']
20:26:57.747 INFO  manager.MyListener - The element with locator ---> By.xpath: //a[text() =' Logout ']was found
20:26:57.748 INFO  manager.MyListener - Start find element ---> By.xpath: //a[text() =' Logout ']
20:26:57.834 INFO  manager.MyListener - The element with locator ---> By.xpath: //a[text() =' Logout ']was found
20:26:57.916 INFO  tests.TestBase - Test needs logout
20:26:57.917 INFO  manager.MyListener - Start find element ---> By.cssSelector: [href='/login?url=%2Fsearch']
20:26:57.948 INFO  manager.MyListener - The element with locator ---> By.cssSelector: [href='/login?url=%2Fsearch']was found
20:26:58.228 INFO  manager.MyListener - Start find element ---> By.cssSelector: #email
20:26:58.269 INFO  manager.MyListener - The element with locator ---> By.cssSelector: #emailwas found
20:26:58.750 INFO  manager.MyListener - Start find element ---> By.cssSelector: #password
20:26:58.770 INFO  manager.MyListener - The element with locator ---> By.cssSelector: #passwordwas found
20:26:59.035 INFO  manager.MyListener - Start find element ---> By.xpath: //button[@type='submit']
20:26:59.064 INFO  manager.MyListener - The element with locator ---> By.xpath: //button[@type='submit']was found
20:26:59.123 INFO  manager.MyListener - Start find element ---> By.xpath: //button[@type='submit']
20:26:59.171 INFO  manager.MyListener - The element with locator ---> By.xpath: //button[@type='submit']was found
20:27:00.344 INFO  manager.MyListener - Start find element ---> By.cssSelector: .dialog-container h2
20:27:00.384 INFO  manager.MyListener - The element with locator ---> By.cssSelector: .dialog-container h2was found
20:27:00.453 INFO  manager.MyListener - Start find element ---> By.cssSelector: .dialog-container h2
20:27:00.489 INFO  manager.MyListener - The element with locator ---> By.cssSelector: .dialog-container h2was found
20:27:00.539 INFO  manager.MyListener - Start find element ---> By.xpath: //button[text()='Ok']
20:27:00.581 INFO  manager.MyListener - The element with locator ---> By.xpath: //button[text()='Ok']was found
20:27:00.582 INFO  manager.MyListener - Start find element ---> By.xpath: //button[text()='Ok']
20:27:00.616 INFO  manager.MyListener - The element with locator ---> By.xpath: //button[text()='Ok']was found
20:27:00.747 INFO  tests.TestBase - Starts test --->public void tests.LoginTests.loginSuccess(models.User)
20:27:00.750 INFO  manager.MyListener - Start find element ---> By.xpath: //a[text() =' Logout ']
20:27:00.805 INFO  manager.MyListener - The element with locator ---> By.xpath: //a[text() =' Logout ']was found
20:27:00.806 INFO  manager.MyListener - Start find element ---> By.xpath: //a[text() =' Logout ']
20:27:00.946 INFO  manager.MyListener - The element with locator ---> By.xpath: //a[text() =' Logout ']was found
20:27:01.250 INFO  tests.TestBase - Test needs logout
20:27:01.251 INFO  manager.MyListener - Start find element ---> By.cssSelector: [href='/login?url=%2Fsearch']
20:27:01.265 INFO  manager.MyListener - The element with locator ---> By.cssSelector: [href='/login?url=%2Fsearch']was found
20:27:01.395 INFO  manager.MyListener - Start find element ---> By.cssSelector: #email
20:27:01.422 INFO  manager.MyListener - The element with locator ---> By.cssSelector: #emailwas found
20:27:01.951 INFO  manager.MyListener - Start find element ---> By.cssSelector: #password
20:27:01.993 INFO  manager.MyListener - The element with locator ---> By.cssSelector: #passwordwas found
20:27:02.327 INFO  manager.MyListener - Start find element ---> By.xpath: //button[@type='submit']
20:27:02.357 INFO  manager.MyListener - The element with locator ---> By.xpath: //button[@type='submit']was found
20:27:02.419 INFO  manager.MyListener - Start find element ---> By.xpath: //button[@type='submit']
20:27:02.451 INFO  manager.MyListener - The element with locator ---> By.xpath: //button[@type='submit']was found
20:27:03.616 INFO  manager.MyListener - Start find element ---> By.cssSelector: .dialog-container h2
20:27:03.643 INFO  manager.MyListener - The element with locator ---> By.cssSelector: .dialog-container h2was found
20:27:03.680 INFO  manager.MyListener - Start find element ---> By.cssSelector: .dialog-container h2
20:27:03.699 INFO  manager.MyListener - The element with locator ---> By.cssSelector: .dialog-container h2was found
20:27:03.740 INFO  manager.MyListener - Start find element ---> By.xpath: //button[text()='Ok']
20:27:03.765 INFO  manager.MyListener - The element with locator ---> By.xpath: //button[text()='Ok']was found
20:27:03.765 INFO  manager.MyListener - Start find element ---> By.xpath: //button[text()='Ok']
20:27:03.788 INFO  manager.MyListener - The element with locator ---> By.xpath: //button[text()='Ok']was found
